#
# There is insufficient memory for the Java Runtime Environment to continue.
# Native memory allocation (malloc) failed to allocate 981136 bytes for Chunk::new
# Possible reasons:
#   The system is out of physical RAM or swap space
#   The process is running with CompressedOops enabled, and the Java Heap may be blocking the growth of the native heap
# Possible solutions:
#   Reduce memory load on the system
#   Increase physical memory or swap space
#   Check if swap backing store is full
#   Decrease Java heap size (-Xmx/-Xms)
#   Decrease number of Java threads
#   Decrease Java thread stack sizes (-Xss)
#   Set larger code cache with -XX:ReservedCodeCacheSize=
#   JVM is running with Unscaled Compressed Oops mode in which the Java heap is
#     Adventured in the first 4GB address space. The Java Heap base address is the
#     maximum limit for the native heap growth. Please use -XX:HeapBaseMinAddress
#     to set the Java Heap base and to Adventure the Java Heap above 4GB virtual address.
# This output file may be truncated or incomplete.
#
#  Out of Memory Error (allocation.cpp:389), pid=11324, tid=0x00000000000061c4
#
# JRE version: OpenJDK Runtime Environment (8.0_362-b08) (build 1.8.0_362-b08)
# Java VM: OpenJDK 64-Bit Server VM (25.362-b08 mixed mode windows-amd64 compressed oops)
# Failed to write core dump. Minidumps are not enabled by default on client versions of Windows
#

---------------  T H R E A D  ---------------

Current thread (0x000001bc52694800):  JavaThread "C2 CompilerThread1" daemon [_thread_in_native, id=25028, stack(0x0000000e3e200000,0x0000000e3e300000)]

Stack: [0x0000000e3e200000,0x0000000e3e300000]
[error occurred during error reporting (printing stack bounds), id 0xc0000005]

Native frames: (J=compiled Java code, j=interpreted, Vv=VM code, C=native code)


Current CompileTask:
C2:   6729 2598       4       groovy.lang.MetaClassImpl$1MOPIter::methodNameAction (325 bytes)


---------------  P R O C E S S  ---------------

Java Threads: ( => current thread )
  0x000001bc55916800 JavaThread "Cache worker for execution history cache (C:\Users\yashl\.gradle\caches\6.1.1\executionHistory)" [_thread_blocked, id=20156, stack(0x0000000e3f800000,0x0000000e3f900000)]
  0x000001bc55916000 JavaThread "Cache worker for cache directory md-rule (C:\Users\yashl\.gradle\caches\6.1.1\md-rule)" [_thread_blocked, id=1140, stack(0x0000000e3f700000,0x0000000e3f800000)]
  0x000001bc5591d000 JavaThread "Cache worker for cache directory md-supplier (C:\Users\yashl\.gradle\caches\6.1.1\md-supplier)" [_thread_blocked, id=20548, stack(0x0000000e3f600000,0x0000000e3f700000)]
  0x000001bc5591b800 JavaThread "Cache worker for file hash cache (C:\Users\yashl\AndroidStudioProjects\TourGuideApp-master\.gradle\6.1.1\fileHashes)" [_thread_blocked, id=28816, stack(0x0000000e3f500000,0x0000000e3f600000)]
  0x000001bc5591a800 JavaThread "Cache worker for checksums cache (C:\Users\yashl\AndroidStudioProjects\TourGuideApp-master\.gradle\checksums)" [_thread_blocked, id=23532, stack(0x0000000e3f400000,0x0000000e3f500000)]
  0x000001bc55919000 JavaThread "Cache worker for file hash cache (C:\Users\yashl\.gradle\caches\6.1.1\fileHashes)" [_thread_blocked, id=16684, stack(0x0000000e3f300000,0x0000000e3f400000)]
  0x000001bc5591c000 JavaThread "File lock request listener" [_thread_in_native, id=7060, stack(0x0000000e3f200000,0x0000000e3f300000)]
  0x000001bc5591a000 JavaThread "Cache worker for journal cache (C:\Users\yashl\.gradle\caches\journal-1)" [_thread_blocked, id=26348, stack(0x0000000e3f100000,0x0000000e3f200000)]
  0x000001bc55860000 JavaThread "Thread-9" [_thread_blocked, id=18808, stack(0x0000000e3f000000,0x0000000e3f100000)]
  0x000001bc5584b800 JavaThread "Stdin handler" [_thread_blocked, id=6844, stack(0x0000000e3ef00000,0x0000000e3f000000)]
  0x000001bc55848800 JavaThread "Asynchronous log dispatcher for DefaultDaemonConnection: socket connection from /127.0.0.1:57260 to /127.0.0.1:57261" [_thread_blocked, id=10300, stack(0x0000000e3ee00000,0x0000000e3ef00000)]
  0x000001bc5583e800 JavaThread "Daemon worker" [_thread_in_Java, id=23868, stack(0x0000000e3ed00000,0x0000000e3ee00000)]
  0x000001bc5583b800 JavaThread "Cancel handler" [_thread_blocked, id=27804, stack(0x0000000e3ec00000,0x0000000e3ed00000)]
  0x000001bc556f8800 JavaThread "Handler for socket connection from /127.0.0.1:57260 to /127.0.0.1:57261" [_thread_in_native, id=6028, stack(0x0000000e3eb00000,0x0000000e3ec00000)]
  0x000001bc556f6000 JavaThread "Daemon" [_thread_blocked, id=2252, stack(0x0000000e3ea00000,0x0000000e3eb00000)]
  0x000001bc557ad000 JavaThread "Daemon periodic checks" [_thread_blocked, id=23192, stack(0x0000000e3e900000,0x0000000e3ea00000)]
  0x000001bc5566c800 JavaThread "Incoming local TCP Connector on port 57260" [_thread_in_native, id=6764, stack(0x0000000e3e800000,0x0000000e3e900000)]
  0x000001bc53e9d800 JavaThread "Daemon health stats" [_thread_blocked, id=1240, stack(0x0000000e3e700000,0x0000000e3e800000)]
  0x000001bc5270d000 JavaThread "Service Thread" daemon [_thread_blocked, id=1588, stack(0x0000000e3e500000,0x0000000e3e600000)]
  0x000001bc526a4800 JavaThread "C1 CompilerThread3" daemon [_thread_in_native, id=4684, stack(0x0000000e3e400000,0x0000000e3e500000)]
  0x000001bc52697000 JavaThread "C2 CompilerThread2" daemon [_thread_in_native, id=19276, stack(0x0000000e3e300000,0x0000000e3e400000)]
=>0x000001bc52694800 JavaThread "C2 CompilerThread1" daemon [_thread_in_native, id=25028, stack(0x0000000e3e200000,0x0000000e3e300000)]
  0x000001bc52690800 JavaThread "C2 CompilerThread0" daemon [_thread_in_native, id=28076, stack(0x0000000e3e100000,0x0000000e3e200000)]
  0x000001bc5268a000 JavaThread "Attach Listener" daemon [_thread_blocked, id=14400, stack(0x0000000e3e000000,0x0000000e3e100000)]
  0x000001bc52685000 JavaThread "Signal Dispatcher" daemon [_thread_blocked, id=16152, stack(0x0000000e3df00000,0x0000000e3e000000)]
  0x000001bc51a6a000 JavaThread "Finalizer" daemon [_thread_blocked, id=29228, stack(0x0000000e3de00000,0x0000000e3df00000)]
  0x000001bc5265a000 JavaThread "Reference Handler" daemon [_thread_blocked, id=28900, stack(0x0000000e3dd00000,0x0000000e3de00000)]
  0x000001bc3cc14000 JavaThread "main" [_thread_blocked, id=29668, stack(0x0000000e3d300000,0x0000000e3d400000)]

Other Threads:
  0x000001bc52632800 VMThread [stack: 0x0000000e3dc00000,0x0000000e3dd00000] [id=28488]
  0x000001bc53a40800 WatcherThread [stack: 0x0000000e3e600000,0x0000000e3e700000] [id=28920]

VM state:not at safepoint (normal execution)

VM Mutex/Monitor currently owned by a thread: None

heap address: 0x00000000a0000000, size: 1536 MB, Compressed Oops mode: 32-bit
Narrow klass base: 0x0000000000000000, Narrow klass shift: 3
Compressed class space size: 1073741824 Address: 0x0000000100000000

Heap:
 PSYoungGen      total 142848K, used 24000K [0x00000000e0000000, 0x00000000f0d00000, 0x0000000100000000)
  eden space 131072K, 9% used [0x00000000e0000000,0x00000000e0bf5f20,0x00000000e8000000)
  from space 11776K, 99% used [0x00000000e8000000,0x00000000e8b7a2d0,0x00000000e8b80000)
  to   space 14848K, 0% used [0x00000000efe80000,0x00000000efe80000,0x00000000f0d00000)
 ParOldGen       total 50176K, used 8840K [0x00000000a0000000, 0x00000000a3100000, 0x00000000e0000000)
  object space 50176K, 17% used [0x00000000a0000000,0x00000000a08a23f8,0x00000000a3100000)
 Metaspace       used 32699K, capacity 33724K, committed 34048K, reserved 1079296K
  class space    used 4543K, capacity 4790K, committed 4864K, reserved 1048576K

Card table byte_map: [0x000001bc4d960000,0x000001bc4dc70000] byte_map_base: 0x000001bc4d460000

Marking Bits: (ParMarkBitMap*) 0x00000000664c6830
 Begin Bits: [0x000001bc4de70000, 0x000001bc4f670000)
 End Bits:   [0x000001bc4f670000, 0x000001bc50e70000)

Polling page: 0x000001bc3ccf0000

CodeCache: size=245760Kb used=10422Kb max_used=10422Kb free=235337Kb
 bounds [0x000001bc3e5a0000, 0x000001bc3efe0000, 0x000001bc4d5a0000]
 total_blobs=3368 nmethods=2682 adapters=598
 compilation: enabled

Compilation events (10 events):
Event: 6.714 Thread 0x000001bc526a4800 2722       3       groovyjarjarasm.asm.Label::getCanonicalInstance (19 bytes)
Event: 6.714 Thread 0x000001bc526a4800 nmethod 2722 0x000001bc3efcf9d0 code [0x000001bc3efcfb20, 0x000001bc3efcfcd8]
Event: 6.714 Thread 0x000001bc526a4800 2723       3       groovyjarjarasm.asm.Frame::getAbstractTypeFromDescriptor (415 bytes)
Event: 6.716 Thread 0x000001bc526a4800 nmethod 2723 0x000001bc3efcfd90 code [0x000001bc3efd0000, 0x000001bc3efd0ff0]
Event: 6.716 Thread 0x000001bc526a4800 2724       3       groovyjarjarasm.asm.MethodWriter::visitAbstractType (8 bytes)
Event: 6.716 Thread 0x000001bc526a4800 nmethod 2724 0x000001bc3efd1610 code [0x000001bc3efd1760, 0x000001bc3efd18d8]
Event: 6.724 Thread 0x000001bc526a4800 2725       3       java.lang.reflect.AccessibleObject::setAccessible (37 bytes)
Event: 6.725 Thread 0x000001bc526a4800 nmethod 2725 0x000001bc3efd19d0 code [0x000001bc3efd1b60, 0x000001bc3efd1f00]
Event: 6.726 Thread 0x000001bc526a4800 2726       3       java.lang.Class::getMethods (17 bytes)
Event: 6.726 Thread 0x000001bc526a4800 nmethod 2726 0x000001bc3efd2090 code [0x000001bc3efd2220, 0x000001bc3efd2460]

GC Heap History (10 events):
Event: 3.442 GC heap before
{Heap before GC invocations=4 (full 0):
 PSYoungGen      total 37888K, used 37872K [0x00000000e0000000, 0x00000000e4a00000, 0x0000000100000000)
  eden space 32768K, 100% used [0x00000000e0000000,0x00000000e2000000,0x00000000e2000000)
  from space 5120K, 99% used [0x00000000e2000000,0x00000000e24fc010,0x00000000e2500000)
  to   space 5120K, 0% used [0x00000000e4500000,0x00000000e4500000,0x00000000e4a00000)
 ParOldGen       total 86016K, used 1363K [0x00000000a0000000, 0x00000000a5400000, 0x00000000e0000000)
  object space 86016K, 1% used [0x00000000a0000000,0x00000000a0154e68,0x00000000a5400000)
 Metaspace       used 15478K, capacity 15928K, committed 16128K, reserved 1062912K
  class space    used 2110K, capacity 2252K, committed 2304K, reserved 1048576K
Event: 3.450 GC heap after
Heap after GC invocations=4 (full 0):
 PSYoungGen      total 70656K, used 5104K [0x00000000e0000000, 0x00000000e4a00000, 0x0000000100000000)
  eden space 65536K, 0% used [0x00000000e0000000,0x00000000e0000000,0x00000000e4000000)
  from space 5120K, 99% used [0x00000000e4500000,0x00000000e49fc030,0x00000000e4a00000)
  to   space 5120K, 0% used [0x00000000e4000000,0x00000000e4000000,0x00000000e4500000)
 ParOldGen       total 86016K, used 4047K [0x00000000a0000000, 0x00000000a5400000, 0x00000000e0000000)
  object space 86016K, 4% used [0x00000000a0000000,0x00000000a03f3cf8,0x00000000a5400000)
 Metaspace       used 15478K, capacity 15928K, committed 16128K, reserved 1062912K
  class space    used 2110K, capacity 2252K, committed 2304K, reserved 1048576K
}
Event: 4.566 GC heap before
{Heap before GC invocations=5 (full 0):
 PSYoungGen      total 70656K, used 70640K [0x00000000e0000000, 0x00000000e4a00000, 0x0000000100000000)
  eden space 65536K, 100% used [0x00000000e0000000,0x00000000e4000000,0x00000000e4000000)
  from space 5120K, 99% used [0x00000000e4500000,0x00000000e49fc030,0x00000000e4a00000)
  to   space 5120K, 0% used [0x00000000e4000000,0x00000000e4000000,0x00000000e4500000)
 ParOldGen       total 86016K, used 4047K [0x00000000a0000000, 0x00000000a5400000, 0x00000000e0000000)
  object space 86016K, 4% used [0x00000000a0000000,0x00000000a03f3cf8,0x00000000a5400000)
 Metaspace       used 20477K, capacity 21182K, committed 21296K, reserved 1067008K
  class space    used 2939K, capacity 3163K, committed 3200K, reserved 1048576K
Event: 4.581 GC heap after
Heap after GC invocations=5 (full 0):
 PSYoungGen      total 70656K, used 5088K [0x00000000e0000000, 0x00000000e9800000, 0x0000000100000000)
  eden space 65536K, 0% used [0x00000000e0000000,0x00000000e0000000,0x00000000e4000000)
  from space 5120K, 99% used [0x00000000e4000000,0x00000000e44f8020,0x00000000e4500000)
  to   space 12288K, 0% used [0x00000000e8c00000,0x00000000e8c00000,0x00000000e9800000)
 ParOldGen       total 86016K, used 10535K [0x00000000a0000000, 0x00000000a5400000, 0x00000000e0000000)
  object space 86016K, 12% used [0x00000000a0000000,0x00000000a0a49e48,0x00000000a5400000)
 Metaspace       used 20477K, capacity 21182K, committed 21296K, reserved 1067008K
  class space    used 2939K, capacity 3163K, committed 3200K, reserved 1048576K
}
Event: 4.599 GC heap before
{Heap before GC invocations=6 (full 0):
 PSYoungGen      total 70656K, used 6140K [0x00000000e0000000, 0x00000000e9800000, 0x0000000100000000)
  eden space 65536K, 1% used [0x00000000e0000000,0x00000000e0107198,0x00000000e4000000)
  from space 5120K, 99% used [0x00000000e4000000,0x00000000e44f8020,0x00000000e4500000)
  to   space 12288K, 0% used [0x00000000e8c00000,0x00000000e8c00000,0x00000000e9800000)
 ParOldGen       total 86016K, used 10535K [0x00000000a0000000, 0x00000000a5400000, 0x00000000e0000000)
  object space 86016K, 12% used [0x00000000a0000000,0x00000000a0a49e48,0x00000000a5400000)
 Metaspace       used 20564K, capacity 21252K, committed 21296K, reserved 1067008K
  class space    used 2954K, capacity 3164K, committed 3200K, reserved 1048576K
Event: 4.607 GC heap after
Heap after GC invocations=6 (full 0):
 PSYoungGen      total 142336K, used 5235K [0x00000000e0000000, 0x00000000e9700000, 0x0000000100000000)
  eden space 131072K, 0% used [0x00000000e0000000,0x00000000e0000000,0x00000000e8000000)
  from space 11264K, 46% used [0x00000000e8c00000,0x00000000e911cf80,0x00000000e9700000)
  to   space 11776K, 0% used [0x00000000e8000000,0x00000000e8000000,0x00000000e8b80000)
 ParOldGen       total 86016K, used 10543K [0x00000000a0000000, 0x00000000a5400000, 0x00000000e0000000)
  object space 86016K, 12% used [0x00000000a0000000,0x00000000a0a4be48,0x00000000a5400000)
 Metaspace       used 20564K, capacity 21252K, committed 21296K, reserved 1067008K
  class space    used 2954K, capacity 3164K, committed 3200K, reserved 1048576K
}
Event: 4.607 GC heap before
{Heap before GC invocations=7 (full 1):
 PSYoungGen      total 142336K, used 5235K [0x00000000e0000000, 0x00000000e9700000, 0x0000000100000000)
  eden space 131072K, 0% used [0x00000000e0000000,0x00000000e0000000,0x00000000e8000000)
  from space 11264K, 46% used [0x00000000e8c00000,0x00000000e911cf80,0x00000000e9700000)
  to   space 11776K, 0% used [0x00000000e8000000,0x00000000e8000000,0x00000000e8b80000)
 ParOldGen       total 86016K, used 10543K [0x00000000a0000000, 0x00000000a5400000, 0x00000000e0000000)
  object space 86016K, 12% used [0x00000000a0000000,0x00000000a0a4be48,0x00000000a5400000)
 Metaspace       used 20564K, capacity 21252K, committed 21296K, reserved 1067008K
  class space    used 2954K, capacity 3164K, committed 3200K, reserved 1048576K
Event: 4.650 GC heap after
Heap after GC invocations=7 (full 1):
 PSYoungGen      total 142336K, used 0K [0x00000000e0000000, 0x00000000e9700000, 0x0000000100000000)
  eden space 131072K, 0% used [0x00000000e0000000,0x00000000e0000000,0x00000000e8000000)
  from space 11264K, 0% used [0x00000000e8c00000,0x00000000e8c00000,0x00000000e9700000)
  to   space 11776K, 0% used [0x00000000e8000000,0x00000000e8000000,0x00000000e8b80000)
 ParOldGen       total 50176K, used 7285K [0x00000000a0000000, 0x00000000a3100000, 0x00000000e0000000)
  object space 50176K, 14% used [0x00000000a0000000,0x00000000a071d608,0x00000000a3100000)
 Metaspace       used 20564K, capacity 21252K, committed 21296K, reserved 1067008K
  class space    used 2954K, capacity 3164K, committed 3200K, reserved 1048576K
}
Event: 6.609 GC heap before
{Heap before GC invocations=8 (full 1):
 PSYoungGen      total 142336K, used 131072K [0x00000000e0000000, 0x00000000e9700000, 0x0000000100000000)
  eden space 131072K, 100% used [0x00000000e0000000,0x00000000e8000000,0x00000000e8000000)
  from space 11264K, 0% used [0x00000000e8c00000,0x00000000e8c00000,0x00000000e9700000)
  to   space 11776K, 0% used [0x00000000e8000000,0x00000000e8000000,0x00000000e8b80000)
 ParOldGen       total 50176K, used 7285K [0x00000000a0000000, 0x00000000a3100000, 0x00000000e0000000)
  object space 50176K, 14% used [0x00000000a0000000,0x00000000a071d608,0x00000000a3100000)
 Metaspace       used 32428K, capacity 33308K, committed 33536K, reserved 1077248K
  class space    used 4498K, capacity 4738K, committed 4864K, reserved 1048576K
Event: 6.628 GC heap after
Heap after GC invocations=8 (full 1):
 PSYoungGen      total 142848K, used 11752K [0x00000000e0000000, 0x00000000f0d00000, 0x0000000100000000)
  eden space 131072K, 0% used [0x00000000e0000000,0x00000000e0000000,0x00000000e8000000)
  from space 11776K, 99% used [0x00000000e8000000,0x00000000e8b7a2d0,0x00000000e8b80000)
  to   space 14848K, 0% used [0x00000000efe80000,0x00000000efe80000,0x00000000f0d00000)
 ParOldGen       total 50176K, used 8840K [0x00000000a0000000, 0x00000000a3100000, 0x00000000e0000000)
  object space 50176K, 17% used [0x00000000a0000000,0x00000000a08a23f8,0x00000000a3100000)
 Metaspace       used 32428K, capacity 33308K, committed 33536K, reserved 1077248K
  class space    used 4498K, capacity 4738K, committed 4864K, reserved 1048576K
}

Deoptimization events (10 events):
Event: 5.331 Thread 0x000001bc5583e800 Uncommon trap: reason=bimorphic action=maybe_recompile pc=0x000001bc3eba7b3c method=java.io.BufferedInputStream.read([BII)I @ 101
Event: 5.331 Thread 0x000001bc5583e800 Uncommon trap: reason=bimorphic action=maybe_recompile pc=0x000001bc3eba7b3c method=java.io.BufferedInputStream.read([BII)I @ 101
Event: 5.332 Thread 0x000001bc5583e800 Uncommon trap: reason=bimorphic action=maybe_recompile pc=0x000001bc3eba7b3c method=java.io.BufferedInputStream.read([BII)I @ 101
Event: 5.333 Thread 0x000001bc5583e800 Uncommon trap: reason=bimorphic action=maybe_recompile pc=0x000001bc3eba7b3c method=java.io.BufferedInputStream.read([BII)I @ 101
Event: 5.712 Thread 0x000001bc5583e800 Uncommon trap: reason=unstable_if action=reinterpret pc=0x000001bc3ea9d768 method=java.lang.String.regionMatches(ZILjava/lang/String;II)Z @ 41
Event: 6.312 Thread 0x000001bc5583e800 Uncommon trap: reason=unstable_if action=reinterpret pc=0x000001bc3eb65b7c method=jdk.internal.org.objectweb.asm.Type.getArgumentsAndReturnSizes(Ljava/lang/String;)I @ 88
Event: 6.630 Thread 0x000001bc5265a000 Uncommon trap: reason=unstable_if action=reinterpret pc=0x000001bc3ead4c10 method=java.lang.ref.Reference.tryHandlePending(Z)Z @ 104
Event: 6.644 Thread 0x000001bc5583e800 Uncommon trap: reason=unstable_if action=reinterpret pc=0x000001bc3eec40c0 method=org.objectweb.asm.ByteVector.putShort(I)Lorg/objectweb/asm/ByteVector; @ 13
Event: 6.646 Thread 0x000001bc5583e800 Uncommon trap: reason=unstable_if action=reinterpret pc=0x000001bc3ec29184 method=java.net.URLStreamHandler.sameFile(Ljava/net/URL;Ljava/net/URL;)Z @ 63
Event: 6.649 Thread 0x000001bc5583e800 Uncommon trap: reason=unstable_if action=reinterpret pc=0x000001bc3ec1fff0 method=java.net.URLStreamHandler.sameFile(Ljava/net/URL;Ljava/net/URL;)Z @ 63

Classes redefined (0 events):
No events

Internal exceptions (10 events):
Event: 6.690 Thread 0x000001bc5583e800 Exception <a 'java/lang/ClassNotFoundException': org/gradle/tooling/provider/model/internal/DefaultToolingModelBuilderRegistryBeanInfo> (0x00000000e06676a0) thrown at [C:\wsjdk\Corretto8Src\installers\windows\zip\corretto-build\buildRoot\hotspot\src\share
Event: 6.691 Thread 0x000001bc5583e800 Exception <a 'java/lang/ClassNotFoundException': org/gradle/tooling/provider/model/internal/DefaultToolingModelBuilderRegistryCustomizer> (0x00000000e06ada48) thrown at [C:\wsjdk\Corretto8Src\installers\windows\zip\corretto-build\buildRoot\hotspot\src\sha
Event: 6.702 Thread 0x000001bc5583e800 Exception <a 'java/lang/ClassNotFoundException': org/gradle/internal/service/scopes/GradleScopeServicesBeanInfo> (0x00000000e0744290) thrown at [C:\wsjdk\Corretto8Src\installers\windows\zip\corretto-build\buildRoot\hotspot\src\share\vm\classfile\systemDic
Event: 6.704 Thread 0x000001bc5583e800 Exception <a 'java/lang/ClassNotFoundException': org/gradle/internal/service/DefaultServiceRegistryBeanInfo> (0x00000000e0779038) thrown at [C:\wsjdk\Corretto8Src\installers\windows\zip\corretto-build\buildRoot\hotspot\src\share\vm\classfile\systemDiction
Event: 6.705 Thread 0x000001bc5583e800 Exception <a 'java/lang/ClassNotFoundException': org/gradle/internal/service/DefaultServiceRegistryCustomizer> (0x00000000e07aff38) thrown at [C:\wsjdk\Corretto8Src\installers\windows\zip\corretto-build\buildRoot\hotspot\src\share\vm\classfile\systemDicti
Event: 6.706 Thread 0x000001bc5583e800 Exception <a 'java/lang/ClassNotFoundException': org/gradle/internal/service/scopes/GradleScopeServicesCustomizer> (0x00000000e07f8bc0) thrown at [C:\wsjdk\Corretto8Src\installers\windows\zip\corretto-build\buildRoot\hotspot\src\share\vm\classfile\systemD
Event: 6.711 Thread 0x000001bc5583e800 Exception <a 'java/lang/ClassNotFoundException': org/gradle/util/GradleVersionBeanInfo> (0x00000000e0846c00) thrown at [C:\wsjdk\Corretto8Src\installers\windows\zip\corretto-build\buildRoot\hotspot\src\share\vm\classfile\systemDictionary.cpp, line 217]
Event: 6.712 Thread 0x000001bc5583e800 Exception <a 'java/lang/ClassNotFoundException': org/gradle/util/GradleVersionCustomizer> (0x00000000e0871500) thrown at [C:\wsjdk\Corretto8Src\installers\windows\zip\corretto-build\buildRoot\hotspot\src\share\vm\classfile\systemDictionary.cpp, line 217]
Event: 6.722 Thread 0x000001bc5583e800 Exception <a 'java/lang/ClassNotFoundException': org/jetbrains/plugins/gradle/tooling/internal/ExtraModelBuilderBeanInfo> (0x00000000e08eb718) thrown at [C:\wsjdk\Corretto8Src\installers\windows\zip\corretto-build\buildRoot\hotspot\src\share\vm\classfile\
Event: 6.722 Thread 0x000001bc5583e800 Exception <a 'java/lang/ClassNotFoundException': org/jetbrains/plugins/gradle/tooling/internal/ExtraModelBuilderCustomizer> (0x00000000e08f6cc0) thrown at [C:\wsjdk\Corretto8Src\installers\windows\zip\corretto-build\buildRoot\hotspot\src\share\vm\classfil

Events (10 events):
Event: 6.721 loading class org/jetbrains/plugins/gradle/tooling/internal/ExtraModelBuilderBeanInfo
Event: 6.722 loading class org/jetbrains/plugins/gradle/tooling/internal/ExtraModelBuilderBeanInfo done
Event: 6.722 loading class org/jetbrains/plugins/gradle/tooling/internal/ExtraModelBuilderCustomizer
Event: 6.722 loading class org/jetbrains/plugins/gradle/tooling/internal/ExtraModelBuilderCustomizer done
Event: 6.722 loading class org/jetbrains/plugins/gradle/tooling/internal/ExtraModelBuilderCustomizer
Event: 6.722 loading class org/jetbrains/plugins/gradle/tooling/internal/ExtraModelBuilderCustomizer done
Event: 6.722 loading class org/jetbrains/plugins/gradle/tooling/internal/ExtraModelBuilder$MyModelBuilderContext
Event: 6.722 loading class org/jetbrains/plugins/gradle/tooling/internal/ExtraModelBuilder$MyModelBuilderContext done
Event: 6.724 loading class groovy/runtime/metaclass/java/lang/StringMetaClass
Event: 6.724 loading class groovy/runtime/metaclass/java/lang/StringMetaClass done


Dynamic libraries:
0x00007ff6aab30000 - 0x00007ff6aab6a000 	C:\Users\yashl\.jdks\corretto-1.8.0_362\bin\java.exe
0x00007ffbc0fb0000 - 0x00007ffbc11c4000 	C:\WINDOWS\SYSTEM32\ntdll.dll
0x00007ffbbfa30000 - 0x00007ffbbfaf2000 	C:\WINDOWS\System32\KERNEL32.DLL
0x00007ffbbe4e0000 - 0x00007ffbbe87c000 	C:\WINDOWS\System32\KERNELBASE.dll
0x00007ffbbf0a0000 - 0x00007ffbbf14e000 	C:\WINDOWS\System32\ADVAPI32.dll
0x00007ffbbf860000 - 0x00007ffbbf907000 	C:\WINDOWS\System32\msvcrt.dll
0x00007ffbc03c0000 - 0x00007ffbc0464000 	C:\WINDOWS\System32\sechost.dll
0x00007ffbc0470000 - 0x00007ffbc0587000 	C:\WINDOWS\System32\RPCRT4.dll
0x00007ffbc0210000 - 0x00007ffbc03bb000 	C:\WINDOWS\System32\USER32.dll
0x00007ffbbe3f0000 - 0x00007ffbbe416000 	C:\WINDOWS\System32\win32u.dll
0x00007ffbc0590000 - 0x00007ffbc05b9000 	C:\WINDOWS\System32\GDI32.dll
0x00007ffbbea90000 - 0x00007ffbbeba3000 	C:\WINDOWS\System32\gdi32full.dll
0x00007ffbbe880000 - 0x00007ffbbe91a000 	C:\WINDOWS\System32\msvcp_win.dll
0x00007ffbbeca0000 - 0x00007ffbbedb1000 	C:\WINDOWS\System32\ucrtbase.dll
0x00007ffbac260000 - 0x00007ffbac4ee000 	C:\WINDOWS\WinSxS\amd64_microsoft.windows.common-controls_6595b64144ccf1df_6.0.22621.608_none_a9444ca7c10bb01d\COMCTL32.dll
0x00007ffbc0e30000 - 0x00007ffbc0e61000 	C:\WINDOWS\System32\IMM32.DLL
0x00007ffba3800000 - 0x00007ffba38ef000 	C:\Users\yashl\.jdks\corretto-1.8.0_362\jre\bin\msvcr120.dll
0x00007ffb9c660000 - 0x00007ffb9c706000 	C:\Users\yashl\.jdks\corretto-1.8.0_362\jre\bin\msvcp120.dll
0x0000000065cd0000 - 0x0000000066545000 	C:\Users\yashl\.jdks\corretto-1.8.0_362\jre\bin\server\jvm.dll
0x00007ffbbfb20000 - 0x00007ffbbfb28000 	C:\WINDOWS\System32\PSAPI.DLL
0x00007ffbb8bf0000 - 0x00007ffbb8c24000 	C:\WINDOWS\SYSTEM32\WINMM.dll
0x00007ffbaf130000 - 0x00007ffbaf139000 	C:\WINDOWS\SYSTEM32\WSOCK32.dll
0x00007ffbb82f0000 - 0x00007ffbb82fa000 	C:\WINDOWS\SYSTEM32\VERSION.dll
0x00007ffbbf1a0000 - 0x00007ffbbf211000 	C:\WINDOWS\System32\WS2_32.dll
0x00007ffbb9b70000 - 0x00007ffbb9b7f000 	C:\Users\yashl\.jdks\corretto-1.8.0_362\jre\bin\verify.dll
0x00007ffbaf0b0000 - 0x00007ffbaf0d9000 	C:\Users\yashl\.jdks\corretto-1.8.0_362\jre\bin\java.dll
0x00007ffbb64b0000 - 0x00007ffbb64c6000 	C:\Users\yashl\.jdks\corretto-1.8.0_362\jre\bin\zip.dll
0x00007ffbc05c0000 - 0x00007ffbc0db0000 	C:\WINDOWS\System32\SHELL32.dll
0x00007ffbbc3b0000 - 0x00007ffbbcc7d000 	C:\WINDOWS\SYSTEM32\windows.storage.dll
0x00007ffbbfb40000 - 0x00007ffbbfec9000 	C:\WINDOWS\System32\combase.dll
0x00007ffbbc270000 - 0x00007ffbbc3ae000 	C:\WINDOWS\SYSTEM32\wintypes.dll
0x00007ffbc0e70000 - 0x00007ffbc0f61000 	C:\WINDOWS\System32\SHCORE.dll
0x00007ffbbf320000 - 0x00007ffbbf37e000 	C:\WINDOWS\System32\shlwapi.dll
0x00007ffbbe320000 - 0x00007ffbbe341000 	C:\WINDOWS\SYSTEM32\profapi.dll
0x00007ffbaf030000 - 0x00007ffbaf04a000 	C:\Users\yashl\.jdks\corretto-1.8.0_362\jre\bin\net.dll
0x00007ffbbd970000 - 0x00007ffbbd9d9000 	C:\WINDOWS\system32\mswsock.dll
0x00007ffbaf010000 - 0x00007ffbaf022000 	C:\Users\yashl\.jdks\corretto-1.8.0_362\jre\bin\nio.dll
0x00007ffbb6870000 - 0x00007ffbb6896000 	C:\Users\yashl\.gradle\native\31\windows-amd64\native-platform.dll
0x00007ffbb99d0000 - 0x00007ffbb99dd000 	C:\Users\yashl\.jdks\corretto-1.8.0_362\jre\bin\management.dll
0x00007ffbbdc00000 - 0x00007ffbbdc1b000 	C:\WINDOWS\SYSTEM32\CRYPTSP.dll
0x00007ffbbd3e0000 - 0x00007ffbbd415000 	C:\WINDOWS\system32\rsaenh.dll
0x00007ffbbdaa0000 - 0x00007ffbbdac8000 	C:\WINDOWS\SYSTEM32\USERENV.dll
0x00007ffbbddc0000 - 0x00007ffbbdde8000 	C:\WINDOWS\SYSTEM32\bcrypt.dll
0x00007ffbbec20000 - 0x00007ffbbec9b000 	C:\WINDOWS\System32\bcryptprimitives.dll
0x00007ffbbdc20000 - 0x00007ffbbdc2c000 	C:\WINDOWS\SYSTEM32\CRYPTBASE.dll
0x00007ffbbced0000 - 0x00007ffbbcefd000 	C:\WINDOWS\SYSTEM32\IPHLPAPI.DLL
0x00007ffbbfb30000 - 0x00007ffbbfb39000 	C:\WINDOWS\System32\NSI.dll
0x00007ffbb85e0000 - 0x00007ffbb85f9000 	C:\WINDOWS\SYSTEM32\dhcpcsvc6.DLL
0x00007ffbb85c0000 - 0x00007ffbb85df000 	C:\WINDOWS\SYSTEM32\dhcpcsvc.DLL
0x00007ffbbcf40000 - 0x00007ffbbd033000 	C:\WINDOWS\SYSTEM32\DNSAPI.dll

VM Arguments:
jvm_args: -Xmx1536m -Dfile.encoding=windows-1252 -Duser.country=IN -Duser.language=en -Duser.variant 
java_command: org.gradle.launcher.daemon.bootstrap.GradleDaemon 6.1.1
java_class_path (initial): C:\Users\yashl\.gradle\wrapper\dists\gradle-6.1.1-all\cfmwm155h49vnt3hynmlrsdst\gradle-6.1.1\lib\gradle-launcher-6.1.1.jar
Launcher Type: SUN_STANDARD

Environment Variables:
JAVA_HOME=C:\Program Files\Java\jdk-19
PATH=C:\Program Files\Common Files\Oracle\Java\javapath;C:\Python310\Scripts\;C:\Python310\;C:\Windows\system32;C:\Windows;C:\Windows\System32\Wbem;C:\Windows\System32\WindowsPowerShell\v1.0\;C:\Windows\System32\OpenSSH\;C:\Program Files (x86)\NVIDIA Corporation\PhysX\Common;C:\Program Files\NVIDIA Corporation\NVIDIA NvDLISR;C:\mingw32\bin;C:\Program Files\Java\jdk-19\bin;C:\WINDOWS\system32;C:\WINDOWS;C:\WINDOWS\System32\Wbem;C:\WINDOWS\System32\WindowsPowerShell\v1.0\;C:\WINDOWS\System32\OpenSSH\;C:\Program Files\Git\cmd;C:\Users\yashl\AppData\Local\Microsoft\WindowsApps;;C:\Users\yashl\AppData\Local\Programs\Microsoft VS Code\bin
USERNAME=yashl
OS=Windows_NT
PROCESSOR_IDENTIFIER=Intel64 Family 6 Model 165 Stepping 2, GenuineIntel



---------------  S Y S T E M  ---------------

OS: Windows 11 , 64 bit Build 22621 (10.0.22621.1485)

CPU:total 8 (initial active 8) (4 cores per cpu, 2 threads per core) family 6 model 165 stepping 2, cmov, cx8, fxsr, mmx, sse, sse2, sse3, ssse3, sse4.1, sse4.2, popcnt, avx, avx2, aes, clmul, erms, 3dnowpref, lzcnt, ht, tsc, tscinvbit, bmi1, bmi2, adx

Memory: 4k page, physical 8215604k(265228k free), swap 33381428k(5756k free)

vm_info: OpenJDK 64-Bit Server VM (25.362-b08) for windows-amd64 JRE (1.8.0_362-b08), built on Jan 13 2023 13:30:12 by "Administrator" with MS VC++ 12.0 (VS2013)

time: Thu Apr 27 10:56:35 2023
timezone: India Standard Time
elapsed time: 6.735627 seconds (0d 0h 0m 6s)

