#
# There is insufficient memory for the Java Runtime Environment to continue.
# Native memory allocation (malloc) failed to allocate 1048576 bytes for AllocateHeap
# Possible reasons:
#   The system is out of physical RAM or swap space
#   The process is running with CompressedOops enabled, and the Java Heap may be blocking the growth of the native heap
# Possible solutions:
#   Reduce memory load on the system
#   Increase physical memory or swap space
#   Check if swap backing store is full
#   Decrease Java heap size (-Xmx/-Xms)
#   Decrease number of Java threads
#   Decrease Java thread stack sizes (-Xss)
#   Set larger code cache with -XX:ReservedCodeCacheSize=
#   JVM is running with Unscaled Compressed Oops mode in which the Java heap is
#     Adventured in the first 4GB address space. The Java Heap base address is the
#     maximum limit for the native heap growth. Please use -XX:HeapBaseMinAddress
#     to set the Java Heap base and to Adventure the Java Heap above 4GB virtual address.
# This output file may be truncated or incomplete.
#
#  Out of Memory Error (./src/hotspot/share/memory/allocation.cpp:46), pid=23588, tid=29632
#
# JRE version: OpenJDK Runtime Environment (11.0.13) (build 11.0.13+0-b1751.21-8125866)
# Java VM: OpenJDK 64-Bit Server VM (11.0.13+0-b1751.21-8125866, mixed mode, tiered, compressed oops, g1 gc, windows-amd64)
# No core dump will be written. Minidumps are not enabled by default on client versions of Windows
#

---------------  S U M M A R Y ------------

Command Line: --add-opens=java.base/java.util=ALL-UNNAMED --add-opens=java.base/java.lang=ALL-UNNAMED --add-opens=java.base/java.lang.invoke=ALL-UNNAMED --add-opens=java.prefs/java.util.prefs=ALL-UNNAMED -Xmx1536m -Dfile.encoding=windows-1252 -Duser.country=IN -Duser.language=en -Duser.variant org.gradle.launcher.daemon.bootstrap.GradleDaemon 6.1.1

Host: Intel(R) Core(TM) i5-10300H CPU @ 2.50GHz, 8 cores, 7G,  Windows 11 , 64 bit Build 22621 (10.0.22621.1485)
Time: Thu Apr 27 10:59:25 2023 India Standard Time elapsed time: 4.463367 seconds (0d 0h 0m 4s)

---------------  T H R E A D  ---------------

Current thread (0x000001bd7fda7000):  VMThread "VM Thread" [stack: 0x000000bcabe00000,0x000000bcabf00000] [id=29632]

Stack: [0x000000bcabe00000,0x000000bcabf00000]
[error occurred during error reporting (printing stack bounds), id 0xc0000005, EXCEPTION_ACCESS_VIOLATION (0xc0000005) at pc=0x000001bd03a4112d]

Native frames: (J=compiled Java code, j=interpreted, Vv=VM code, C=native code)
V  [jvm.dll+0x6100fa]
V  [jvm.dll+0x747090]
V  [jvm.dll+0x7486ad]
V  [jvm.dll+0x748ce5]
V  [jvm.dll+0x748c9b]
V  [jvm.dll+0x60f224]
V  [jvm.dll+0x60f9b8]
C  [ntdll.dll+0xa3cff]
C  [ntdll.dll+0x1e456]
C  [ntdll.dll+0xa2cee]
C  0x000001bd03a4112d

VM_Operation (0x000000bcad1f6e80): CollectForMetadataAllocation, mode: safepoint, requested by thread 0x000001bd19afd800


---------------  P R O C E S S  ---------------

Threads class SMR info:
_java_thread_list=0x000001bd1a2710d0, length=23, elements={
0x000001bd7e677800, 0x000001bd7fdcc800, 0x000001bd7fdd5000, 0x000001bd18283800,
0x000001bd18284800, 0x000001bd18286000, 0x000001bd18288000, 0x000001bd1828e800,
0x000001bd1829a000, 0x000001bd183e4800, 0x000001bd199ec000, 0x000001bd19d08000,
0x000001bd184f3000, 0x000001bd19e0e800, 0x000001bd1975b000, 0x000001bd195d0800,
0x000001bd19afd800, 0x000001bd19a9d800, 0x000001bd1982c000, 0x000001bd1a337000,
0x000001bd19ca9000, 0x000001bd19ca8000, 0x000001bd19ca7800
}

Java Threads: ( => current thread )
  0x000001bd7e677800 JavaThread "main" [_thread_blocked, id=19020, stack(0x000000bcab800000,0x000000bcab900000)]
  0x000001bd7fdcc800 JavaThread "Reference Handler" daemon [_thread_blocked, id=17844, stack(0x000000bcabf00000,0x000000bcac000000)]
  0x000001bd7fdd5000 JavaThread "Finalizer" daemon [_thread_blocked, id=24612, stack(0x000000bcac000000,0x000000bcac100000)]
  0x000001bd18283800 JavaThread "Signal Dispatcher" daemon [_thread_blocked, id=16952, stack(0x000000bcac100000,0x000000bcac200000)]
  0x000001bd18284800 JavaThread "Attach Listener" daemon [_thread_blocked, id=27980, stack(0x000000bcac200000,0x000000bcac300000)]
  0x000001bd18286000 JavaThread "Service Thread" daemon [_thread_blocked, id=29016, stack(0x000000bcac300000,0x000000bcac400000)]
  0x000001bd18288000 JavaThread "C2 CompilerThread0" daemon [_thread_blocked, id=8904, stack(0x000000bcac400000,0x000000bcac500000)]
  0x000001bd1828e800 JavaThread "C1 CompilerThread0" daemon [_thread_blocked, id=1212, stack(0x000000bcac500000,0x000000bcac600000)]
  0x000001bd1829a000 JavaThread "Sweeper thread" daemon [_thread_blocked, id=1932, stack(0x000000bcac600000,0x000000bcac700000)]
  0x000001bd183e4800 JavaThread "Common-Cleaner" daemon [_thread_blocked, id=3896, stack(0x000000bcac700000,0x000000bcac800000)]
  0x000001bd199ec000 JavaThread "Daemon health stats" [_thread_blocked, id=29872, stack(0x000000bcacc00000,0x000000bcacd00000)]
  0x000001bd19d08000 JavaThread "Incoming local TCP Connector on port 57293" [_thread_in_native, id=29512, stack(0x000000bcac900000,0x000000bcaca00000)]
  0x000001bd184f3000 JavaThread "Daemon periodic checks" [_thread_blocked, id=30304, stack(0x000000bcacd00000,0x000000bcace00000)]
  0x000001bd19e0e800 JavaThread "Daemon" [_thread_blocked, id=30308, stack(0x000000bcace00000,0x000000bcacf00000)]
  0x000001bd1975b000 JavaThread "Handler for socket connection from /127.0.0.1:57293 to /127.0.0.1:57294" [_thread_in_native, id=30312, stack(0x000000bcacf00000,0x000000bcad000000)]
  0x000001bd195d0800 JavaThread "Cancel handler" [_thread_blocked, id=28612, stack(0x000000bcad000000,0x000000bcad100000)]
  0x000001bd19afd800 JavaThread "Daemon worker" [_thread_blocked, id=30032, stack(0x000000bcad100000,0x000000bcad200000)]
  0x000001bd19a9d800 JavaThread "Asynchronous log dispatcher for DefaultDaemonConnection: socket connection from /127.0.0.1:57293 to /127.0.0.1:57294" [_thread_blocked, id=16028, stack(0x000000bcad200000,0x000000bcad300000)]
  0x000001bd1982c000 JavaThread "Stdin handler" [_thread_blocked, id=30276, stack(0x000000bcad300000,0x000000bcad400000)]
  0x000001bd1a337000 JavaThread "Thread-8" [_thread_blocked, id=14444, stack(0x000000bcad400000,0x000000bcad500000)]
  0x000001bd19ca9000 JavaThread "Cache worker for journal cache (C:\Users\yashl\.gradle\caches\journal-1)" [_thread_blocked, id=30000, stack(0x000000bcad500000,0x000000bcad600000)]
  0x000001bd19ca8000 JavaThread "File lock request listener" [_thread_in_native, id=30016, stack(0x000000bcadb00000,0x000000bcadc00000)]
  0x000001bd19ca7800 JavaThread "Cache worker for file hash cache (C:\Users\yashl\.gradle\caches\6.1.1\fileHashes)" [_thread_blocked, id=29960, stack(0x000000bcadc00000,0x000000bcadd00000)]

Other Threads:
=>0x000001bd7fda7000 VMThread "VM Thread" [stack: 0x000000bcabe00000,0x000000bcabf00000] [id=29632]
  0x000001bd18416000 WatcherThread [stack: 0x000000bcac800000,0x000000bcac900000] [id=29904]
  0x000001bd7e691000 GCTaskThread "GC Thread#0" [stack: 0x000000bcab900000,0x000000bcaba00000] [id=14216]
  0x000001bd19201000 GCTaskThread "GC Thread#1" [stack: 0x000000bcaca00000,0x000000bcacb00000] [id=18084]
  0x000001bd18c0b800 GCTaskThread "GC Thread#2" [stack: 0x000000bcacb00000,0x000000bcacc00000] [id=20260]
  0x000001bd1a1d2800 GCTaskThread "GC Thread#3" [stack: 0x000000bcad600000,0x000000bcad700000] [id=30020]
  0x000001bd1a32c800 GCTaskThread "GC Thread#4" [stack: 0x000000bcad700000,0x000000bcad800000] [id=30024]
  0x000001bd19c73800 GCTaskThread "GC Thread#5" [stack: 0x000000bcad800000,0x000000bcad900000] [id=29964]
  0x000001bd196ee800 GCTaskThread "GC Thread#6" [stack: 0x000000bcad900000,0x000000bcada00000] [id=29840]
  0x000001bd1a317800 GCTaskThread "GC Thread#7" [stack: 0x000000bcada00000,0x000000bcadb00000] [id=30004]
  0x000001bd7e6b9800 ConcurrentGCThread "G1 Main Marker" [stack: 0x000000bcaba00000,0x000000bcabb00000] [id=19332]
  0x000001bd7e6ba800 ConcurrentGCThread "G1 Conc#0" [stack: 0x000000bcabb00000,0x000000bcabc00000] [id=10576]
  0x000001bd1a3b6800 ConcurrentGCThread "G1 Conc#1" [stack: 0x000000bcadd00000,0x000000bcade00000] [id=29852]
  0x000001bd7fc10800 ConcurrentGCThread "G1 Refine#0" [stack: 0x000000bcabc00000,0x000000bcabd00000] [id=25196]
  0x000001bd7fc11800 ConcurrentGCThread "G1 Young RemSet Sampling" [stack: 0x000000bcabd00000,0x000000bcabe00000] [id=28852]

Threads with active compile tasks:
C2 CompilerThread0   4475 1863   !   4       java.lang.ClassLoader::loadClass (122 bytes)

VM state:at safepoint (normal execution)

VM Mutex/Monitor currently owned by a thread:  ([mutex/lock_event])
[0x000001bd7e6727b0] Threads_lock - owner thread: 0x000001bd7fda7000
[0x000001bd7e672ba0] Heap_lock - owner thread: 0x000001bd19afd800

Heap address: 0x00000000a0000000, size: 1536 MB, Compressed Oops mode: 32-bit
Narrow klass base: 0x0000000000000000, Narrow klass shift: 3
Compressed class space size: 1073741824 Address: 0x0000000100000000

Heap:
 garbage-first heap   total 129024K, used 15975K [0x00000000a0000000, 0x0000000100000000)
  region size 1024K, 1 young (1024K), 1 survivors (1024K)
 Metaspace       used 21325K, capacity 21804K, committed 21936K, reserved 1077248K
  class space    used 2563K, capacity 2742K, committed 2816K, reserved 1048576K
Heap Regions: E=young(eden), S=young(survivor), O=old, HS=humongous(starts), HC=humongous(continues), CS=collection set, F=free, A=archive, TAMS=top-at-mark-start (previous, next)
|   0|0x00000000a0000000, 0x00000000a0100000, 0x00000000a0100000|100%| O|  |TAMS 0x00000000a0100000, 0x00000000a0100000| Untracked 
|   1|0x00000000a0100000, 0x00000000a0200000, 0x00000000a0200000|100%| O|  |TAMS 0x00000000a0200000, 0x00000000a0200000| Untracked 
|   2|0x00000000a0200000, 0x00000000a0300000, 0x00000000a0300000|100%| O|  |TAMS 0x00000000a0300000, 0x00000000a0300000| Untracked 
|   3|0x00000000a0300000, 0x00000000a0400000, 0x00000000a0400000|100%|HS|  |TAMS 0x00000000a0400000, 0x00000000a0400000| Complete 
|   4|0x00000000a0400000, 0x00000000a0500000, 0x00000000a0500000|100%|HC|  |TAMS 0x00000000a0500000, 0x00000000a0500000| Complete 
|   5|0x00000000a0500000, 0x00000000a0600000, 0x00000000a0600000|100%|HC|  |TAMS 0x00000000a0600000, 0x00000000a0600000| Complete 
|   6|0x00000000a0600000, 0x00000000a0700000, 0x00000000a0700000|100%| O|  |TAMS 0x00000000a0700000, 0x00000000a0700000| Untracked 
|   7|0x00000000a0700000, 0x00000000a0800000, 0x00000000a0800000|100%| O|  |TAMS 0x00000000a0800000, 0x00000000a0800000| Untracked 
|   8|0x00000000a0800000, 0x00000000a0900000, 0x00000000a0900000|100%| O|  |TAMS 0x00000000a0900000, 0x00000000a0900000| Untracked 
|   9|0x00000000a0900000, 0x00000000a0a00000, 0x00000000a0a00000|100%| O|  |TAMS 0x00000000a0a00000, 0x00000000a0a00000| Untracked 
|  10|0x00000000a0a00000, 0x00000000a0b00000, 0x00000000a0b00000|100%| O|  |TAMS 0x00000000a0b00000, 0x00000000a0b00000| Untracked 
|  11|0x00000000a0b00000, 0x00000000a0c00000, 0x00000000a0c00000|100%| O|  |TAMS 0x00000000a0c00000, 0x00000000a0c00000| Untracked 
|  12|0x00000000a0c00000, 0x00000000a0d00000, 0x00000000a0d00000|100%| O|  |TAMS 0x00000000a0d00000, 0x00000000a0d00000| Untracked 
|  13|0x00000000a0d00000, 0x00000000a0e00000, 0x00000000a0e00000|100%| O|  |TAMS 0x00000000a0e00000, 0x00000000a0e00000| Untracked 
|  14|0x00000000a0e00000, 0x00000000a0f00000, 0x00000000a0f00000|100%| O|  |TAMS 0x00000000a0f00000, 0x00000000a0f00000| Untracked 
|  15|0x00000000a0f00000, 0x00000000a0f02c00, 0x00000000a1000000|  1%| O|  |TAMS 0x00000000a0f02c00, 0x00000000a0f02c00| Untracked 
|  16|0x00000000a1000000, 0x00000000a1000000, 0x00000000a1100000|  0%| F|  |TAMS 0x00000000a1000000, 0x00000000a1000000| Untracked 
|  17|0x00000000a1100000, 0x00000000a1100000, 0x00000000a1200000|  0%| F|  |TAMS 0x00000000a1100000, 0x00000000a1100000| Untracked 
|  18|0x00000000a1200000, 0x00000000a1200000, 0x00000000a1300000|  0%| F|  |TAMS 0x00000000a1200000, 0x00000000a1200000| Untracked 
|  19|0x00000000a1300000, 0x00000000a1300000, 0x00000000a1400000|  0%| F|  |TAMS 0x00000000a1300000, 0x00000000a1300000| Untracked 
|  20|0x00000000a1400000, 0x00000000a1400000, 0x00000000a1500000|  0%| F|  |TAMS 0x00000000a1400000, 0x00000000a1400000| Untracked 
|  21|0x00000000a1500000, 0x00000000a1500000, 0x00000000a1600000|  0%| F|  |TAMS 0x00000000a1500000, 0x00000000a1500000| Untracked 
|  22|0x00000000a1600000, 0x00000000a1600000, 0x00000000a1700000|  0%| F|  |TAMS 0x00000000a1600000, 0x00000000a1600000| Untracked 
|  23|0x00000000a1700000, 0x00000000a1700000, 0x00000000a1800000|  0%| F|  |TAMS 0x00000000a1700000, 0x00000000a1700000| Untracked 
|  24|0x00000000a1800000, 0x00000000a1800000, 0x00000000a1900000|  0%| F|  |TAMS 0x00000000a1800000, 0x00000000a1800000| Untracked 
|  25|0x00000000a1900000, 0x00000000a1900000, 0x00000000a1a00000|  0%| F|  |TAMS 0x00000000a1900000, 0x00000000a1900000| Untracked 
|  26|0x00000000a1a00000, 0x00000000a1a00000, 0x00000000a1b00000|  0%| F|  |TAMS 0x00000000a1a00000, 0x00000000a1a00000| Untracked 
|  27|0x00000000a1b00000, 0x00000000a1b00000, 0x00000000a1c00000|  0%| F|  |TAMS 0x00000000a1b00000, 0x00000000a1b00000| Untracked 
|  28|0x00000000a1c00000, 0x00000000a1c00000, 0x00000000a1d00000|  0%| F|  |TAMS 0x00000000a1c00000, 0x00000000a1c00000| Untracked 
|  29|0x00000000a1d00000, 0x00000000a1d00000, 0x00000000a1e00000|  0%| F|  |TAMS 0x00000000a1d00000, 0x00000000a1d00000| Untracked 
|  30|0x00000000a1e00000, 0x00000000a1e00000, 0x00000000a1f00000|  0%| F|  |TAMS 0x00000000a1e00000, 0x00000000a1e00000| Untracked 
|  31|0x00000000a1f00000, 0x00000000a1f00000, 0x00000000a2000000|  0%| F|  |TAMS 0x00000000a1f00000, 0x00000000a1f00000| Untracked 
|  32|0x00000000a2000000, 0x00000000a2000000, 0x00000000a2100000|  0%| F|  |TAMS 0x00000000a2000000, 0x00000000a2000000| Untracked 
|  33|0x00000000a2100000, 0x00000000a2100000, 0x00000000a2200000|  0%| F|  |TAMS 0x00000000a2100000, 0x00000000a2100000| Untracked 
|  34|0x00000000a2200000, 0x00000000a2200000, 0x00000000a2300000|  0%| F|  |TAMS 0x00000000a2200000, 0x00000000a2200000| Untracked 
|  35|0x00000000a2300000, 0x00000000a2300000, 0x00000000a2400000|  0%| F|  |TAMS 0x00000000a2300000, 0x00000000a2300000| Untracked 
|  36|0x00000000a2400000, 0x00000000a2400000, 0x00000000a2500000|  0%| F|  |TAMS 0x00000000a2400000, 0x00000000a2400000| Untracked 
|  37|0x00000000a2500000, 0x00000000a2500000, 0x00000000a2600000|  0%| F|  |TAMS 0x00000000a2500000, 0x00000000a2500000| Untracked 
|  38|0x00000000a2600000, 0x00000000a2600000, 0x00000000a2700000|  0%| F|  |TAMS 0x00000000a2600000, 0x00000000a2600000| Untracked 
|  39|0x00000000a2700000, 0x00000000a2700000, 0x00000000a2800000|  0%| F|  |TAMS 0x00000000a2700000, 0x00000000a2700000| Untracked 
|  40|0x00000000a2800000, 0x00000000a2800000, 0x00000000a2900000|  0%| F|  |TAMS 0x00000000a2800000, 0x00000000a2800000| Untracked 
|  41|0x00000000a2900000, 0x00000000a2900000, 0x00000000a2a00000|  0%| F|  |TAMS 0x00000000a2900000, 0x00000000a2900000| Untracked 
|  42|0x00000000a2a00000, 0x00000000a2a00000, 0x00000000a2b00000|  0%| F|  |TAMS 0x00000000a2a00000, 0x00000000a2a00000| Untracked 
|  43|0x00000000a2b00000, 0x00000000a2b00000, 0x00000000a2c00000|  0%| F|  |TAMS 0x00000000a2b00000, 0x00000000a2b00000| Untracked 
|  44|0x00000000a2c00000, 0x00000000a2c00000, 0x00000000a2d00000|  0%| F|  |TAMS 0x00000000a2c00000, 0x00000000a2c00000| Untracked 
|  45|0x00000000a2d00000, 0x00000000a2d00000, 0x00000000a2e00000|  0%| F|  |TAMS 0x00000000a2d00000, 0x00000000a2d00000| Untracked 
|  46|0x00000000a2e00000, 0x00000000a2e00000, 0x00000000a2f00000|  0%| F|  |TAMS 0x00000000a2e00000, 0x00000000a2e00000| Untracked 
|  47|0x00000000a2f00000, 0x00000000a2f00000, 0x00000000a3000000|  0%| F|  |TAMS 0x00000000a2f00000, 0x00000000a2f00000| Untracked 
|  48|0x00000000a3000000, 0x00000000a3000000, 0x00000000a3100000|  0%| F|  |TAMS 0x00000000a3000000, 0x00000000a3000000| Untracked 
|  49|0x00000000a3100000, 0x00000000a3100000, 0x00000000a3200000|  0%| F|  |TAMS 0x00000000a3100000, 0x00000000a3100000| Untracked 
|  50|0x00000000a3200000, 0x00000000a3200000, 0x00000000a3300000|  0%| F|  |TAMS 0x00000000a3200000, 0x00000000a3200000| Untracked 
|  51|0x00000000a3300000, 0x00000000a3300000, 0x00000000a3400000|  0%| F|  |TAMS 0x00000000a3300000, 0x00000000a3300000| Untracked 
|  52|0x00000000a3400000, 0x00000000a3400000, 0x00000000a3500000|  0%| F|  |TAMS 0x00000000a3400000, 0x00000000a3400000| Untracked 
|  53|0x00000000a3500000, 0x00000000a3500000, 0x00000000a3600000|  0%| F|  |TAMS 0x00000000a3500000, 0x00000000a3500000| Untracked 
|  54|0x00000000a3600000, 0x00000000a3600000, 0x00000000a3700000|  0%| F|  |TAMS 0x00000000a3600000, 0x00000000a3600000| Untracked 
|  55|0x00000000a3700000, 0x00000000a3700000, 0x00000000a3800000|  0%| F|  |TAMS 0x00000000a3700000, 0x00000000a3700000| Untracked 
|  56|0x00000000a3800000, 0x00000000a3800000, 0x00000000a3900000|  0%| F|  |TAMS 0x00000000a3800000, 0x00000000a3800000| Untracked 
|  57|0x00000000a3900000, 0x00000000a3900000, 0x00000000a3a00000|  0%| F|  |TAMS 0x00000000a3900000, 0x00000000a3900000| Untracked 
|  58|0x00000000a3a00000, 0x00000000a3a00000, 0x00000000a3b00000|  0%| F|  |TAMS 0x00000000a3a00000, 0x00000000a3a00000| Untracked 
|  59|0x00000000a3b00000, 0x00000000a3b00000, 0x00000000a3c00000|  0%| F|  |TAMS 0x00000000a3b00000, 0x00000000a3b00000| Untracked 
|  60|0x00000000a3c00000, 0x00000000a3c00000, 0x00000000a3d00000|  0%| F|  |TAMS 0x00000000a3c00000, 0x00000000a3c00000| Untracked 
|  61|0x00000000a3d00000, 0x00000000a3d00000, 0x00000000a3e00000|  0%| F|  |TAMS 0x00000000a3d00000, 0x00000000a3d00000| Untracked 
|  62|0x00000000a3e00000, 0x00000000a3e00000, 0x00000000a3f00000|  0%| F|  |TAMS 0x00000000a3e00000, 0x00000000a3e00000| Untracked 
|  63|0x00000000a3f00000, 0x00000000a3f00000, 0x00000000a4000000|  0%| F|  |TAMS 0x00000000a3f00000, 0x00000000a3f00000| Untracked 
|  64|0x00000000a4000000, 0x00000000a4000000, 0x00000000a4100000|  0%| F|  |TAMS 0x00000000a4000000, 0x00000000a4000000| Untracked 
|  65|0x00000000a4100000, 0x00000000a4100000, 0x00000000a4200000|  0%| F|  |TAMS 0x00000000a4100000, 0x00000000a4100000| Untracked 
|  66|0x00000000a4200000, 0x00000000a4200000, 0x00000000a4300000|  0%| F|  |TAMS 0x00000000a4200000, 0x00000000a4200000| Untracked 
|  67|0x00000000a4300000, 0x00000000a4300000, 0x00000000a4400000|  0%| F|  |TAMS 0x00000000a4300000, 0x00000000a4300000| Untracked 
|  68|0x00000000a4400000, 0x00000000a4400000, 0x00000000a4500000|  0%| F|  |TAMS 0x00000000a4400000, 0x00000000a4400000| Untracked 
|  69|0x00000000a4500000, 0x00000000a4500000, 0x00000000a4600000|  0%| F|  |TAMS 0x00000000a4500000, 0x00000000a4500000| Untracked 
|  70|0x00000000a4600000, 0x00000000a4600000, 0x00000000a4700000|  0%| F|  |TAMS 0x00000000a4600000, 0x00000000a4600000| Untracked 
|  71|0x00000000a4700000, 0x00000000a4700000, 0x00000000a4800000|  0%| F|  |TAMS 0x00000000a4700000, 0x00000000a4700000| Untracked 
|  72|0x00000000a4800000, 0x00000000a4800000, 0x00000000a4900000|  0%| F|  |TAMS 0x00000000a4800000, 0x00000000a4800000| Untracked 
|  73|0x00000000a4900000, 0x00000000a4900000, 0x00000000a4a00000|  0%| F|  |TAMS 0x00000000a4900000, 0x00000000a4900000| Untracked 
|  74|0x00000000a4a00000, 0x00000000a4a00000, 0x00000000a4b00000|  0%| F|  |TAMS 0x00000000a4a00000, 0x00000000a4a00000| Untracked 
|  75|0x00000000a4b00000, 0x00000000a4b00000, 0x00000000a4c00000|  0%| F|  |TAMS 0x00000000a4b00000, 0x00000000a4b00000| Untracked 
|  76|0x00000000a4c00000, 0x00000000a4c00000, 0x00000000a4d00000|  0%| F|  |TAMS 0x00000000a4c00000, 0x00000000a4c00000| Untracked 
|  77|0x00000000a4d00000, 0x00000000a4d00000, 0x00000000a4e00000|  0%| F|  |TAMS 0x00000000a4d00000, 0x00000000a4d00000| Untracked 
|  78|0x00000000a4e00000, 0x00000000a4e00000, 0x00000000a4f00000|  0%| F|  |TAMS 0x00000000a4e00000, 0x00000000a4e00000| Untracked 
|  79|0x00000000a4f00000, 0x00000000a4f00000, 0x00000000a5000000|  0%| F|  |TAMS 0x00000000a4f00000, 0x00000000a4f00000| Untracked 
|  80|0x00000000a5000000, 0x00000000a5000000, 0x00000000a5100000|  0%| F|  |TAMS 0x00000000a5000000, 0x00000000a5000000| Untracked 
|  81|0x00000000a5100000, 0x00000000a5100000, 0x00000000a5200000|  0%| F|  |TAMS 0x00000000a5100000, 0x00000000a5100000| Untracked 
|  82|0x00000000a5200000, 0x00000000a5200000, 0x00000000a5300000|  0%| F|  |TAMS 0x00000000a5200000, 0x00000000a5200000| Untracked 
|  83|0x00000000a5300000, 0x00000000a5300000, 0x00000000a5400000|  0%| F|  |TAMS 0x00000000a5300000, 0x00000000a5300000| Untracked 
|  84|0x00000000a5400000, 0x00000000a5400000, 0x00000000a5500000|  0%| F|  |TAMS 0x00000000a5400000, 0x00000000a5400000| Untracked 
|  85|0x00000000a5500000, 0x00000000a5500000, 0x00000000a5600000|  0%| F|  |TAMS 0x00000000a5500000, 0x00000000a5500000| Untracked 
|  86|0x00000000a5600000, 0x00000000a5600000, 0x00000000a5700000|  0%| F|  |TAMS 0x00000000a5600000, 0x00000000a5600000| Untracked 
|  87|0x00000000a5700000, 0x00000000a5700000, 0x00000000a5800000|  0%| F|  |TAMS 0x00000000a5700000, 0x00000000a5700000| Untracked 
|  88|0x00000000a5800000, 0x00000000a5800000, 0x00000000a5900000|  0%| F|  |TAMS 0x00000000a5800000, 0x00000000a5800000| Untracked 
|  89|0x00000000a5900000, 0x00000000a5900000, 0x00000000a5a00000|  0%| F|  |TAMS 0x00000000a5900000, 0x00000000a5900000| Untracked 
|  90|0x00000000a5a00000, 0x00000000a5a00000, 0x00000000a5b00000|  0%| F|  |TAMS 0x00000000a5a00000, 0x00000000a5a00000| Untracked 
|  91|0x00000000a5b00000, 0x00000000a5b00000, 0x00000000a5c00000|  0%| F|  |TAMS 0x00000000a5b00000, 0x00000000a5b00000| Untracked 
|  92|0x00000000a5c00000, 0x00000000a5c00000, 0x00000000a5d00000|  0%| F|  |TAMS 0x00000000a5c00000, 0x00000000a5c00000| Untracked 
|  93|0x00000000a5d00000, 0x00000000a5d00000, 0x00000000a5e00000|  0%| F|  |TAMS 0x00000000a5d00000, 0x00000000a5d00000| Untracked 
|  94|0x00000000a5e00000, 0x00000000a5e00000, 0x00000000a5f00000|  0%| F|  |TAMS 0x00000000a5e00000, 0x00000000a5e00000| Untracked 
|  95|0x00000000a5f00000, 0x00000000a5f00000, 0x00000000a6000000|  0%| F|  |TAMS 0x00000000a5f00000, 0x00000000a5f00000| Untracked 
|  96|0x00000000a6000000, 0x00000000a6000000, 0x00000000a6100000|  0%| F|  |TAMS 0x00000000a6000000, 0x00000000a6000000| Untracked 
|  97|0x00000000a6100000, 0x00000000a6100000, 0x00000000a6200000|  0%| F|  |TAMS 0x00000000a6100000, 0x00000000a6100000| Untracked 
|  98|0x00000000a6200000, 0x00000000a6200000, 0x00000000a6300000|  0%| F|  |TAMS 0x00000000a6200000, 0x00000000a6200000| Untracked 
|  99|0x00000000a6300000, 0x00000000a6300000, 0x00000000a6400000|  0%| F|  |TAMS 0x00000000a6300000, 0x00000000a6300000| Untracked 
| 100|0x00000000a6400000, 0x00000000a6400000, 0x00000000a6500000|  0%| F|  |TAMS 0x00000000a6400000, 0x00000000a6400000| Untracked 
| 101|0x00000000a6500000, 0x00000000a6500000, 0x00000000a6600000|  0%| F|  |TAMS 0x00000000a6500000, 0x00000000a6500000| Untracked 
| 102|0x00000000a6600000, 0x00000000a6600000, 0x00000000a6700000|  0%| F|  |TAMS 0x00000000a6600000, 0x00000000a6600000| Untracked 
| 103|0x00000000a6700000, 0x00000000a6700000, 0x00000000a6800000|  0%| F|  |TAMS 0x00000000a6700000, 0x00000000a6700000| Untracked 
| 104|0x00000000a6800000, 0x00000000a6800000, 0x00000000a6900000|  0%| F|  |TAMS 0x00000000a6800000, 0x00000000a6800000| Untracked 
| 105|0x00000000a6900000, 0x00000000a6900000, 0x00000000a6a00000|  0%| F|  |TAMS 0x00000000a6900000, 0x00000000a6900000| Untracked 
| 106|0x00000000a6a00000, 0x00000000a6a00000, 0x00000000a6b00000|  0%| F|  |TAMS 0x00000000a6a00000, 0x00000000a6a00000| Untracked 
| 107|0x00000000a6b00000, 0x00000000a6b00000, 0x00000000a6c00000|  0%| F|  |TAMS 0x00000000a6b00000, 0x00000000a6b00000| Untracked 
| 108|0x00000000a6c00000, 0x00000000a6c00000, 0x00000000a6d00000|  0%| F|  |TAMS 0x00000000a6c00000, 0x00000000a6c00000| Untracked 
| 109|0x00000000a6d00000, 0x00000000a6d00000, 0x00000000a6e00000|  0%| F|  |TAMS 0x00000000a6d00000, 0x00000000a6d00000| Untracked 
| 110|0x00000000a6e00000, 0x00000000a6e00000, 0x00000000a6f00000|  0%| F|  |TAMS 0x00000000a6e00000, 0x00000000a6e00000| Untracked 
| 111|0x00000000a6f00000, 0x00000000a6f00000, 0x00000000a7000000|  0%| F|  |TAMS 0x00000000a6f00000, 0x00000000a6f00000| Untracked 
| 112|0x00000000a7000000, 0x00000000a7000000, 0x00000000a7100000|  0%| F|  |TAMS 0x00000000a7000000, 0x00000000a7000000| Untracked 
| 113|0x00000000a7100000, 0x00000000a7100000, 0x00000000a7200000|  0%| F|  |TAMS 0x00000000a7100000, 0x00000000a7100000| Untracked 
| 114|0x00000000a7200000, 0x00000000a7200000, 0x00000000a7300000|  0%| F|  |TAMS 0x00000000a7200000, 0x00000000a7200000| Untracked 
| 115|0x00000000a7300000, 0x00000000a7300000, 0x00000000a7400000|  0%| F|  |TAMS 0x00000000a7300000, 0x00000000a7300000| Untracked 
| 116|0x00000000a7400000, 0x00000000a7400000, 0x00000000a7500000|  0%| F|  |TAMS 0x00000000a7400000, 0x00000000a7400000| Untracked 
| 117|0x00000000a7500000, 0x00000000a7500000, 0x00000000a7600000|  0%| F|  |TAMS 0x00000000a7500000, 0x00000000a7500000| Untracked 
| 118|0x00000000a7600000, 0x00000000a7600000, 0x00000000a7700000|  0%| F|  |TAMS 0x00000000a7600000, 0x00000000a7600000| Untracked 
| 119|0x00000000a7700000, 0x00000000a7700000, 0x00000000a7800000|  0%| F|  |TAMS 0x00000000a7700000, 0x00000000a7700000| Untracked 
| 120|0x00000000a7800000, 0x00000000a78970c8, 0x00000000a7900000| 59%| S|CS|TAMS 0x00000000a7800000, 0x00000000a7800000| Complete 
| 121|0x00000000a7900000, 0x00000000a7900000, 0x00000000a7a00000|  0%| F|  |TAMS 0x00000000a7900000, 0x00000000a7900000| Untracked 
| 122|0x00000000a7a00000, 0x00000000a7a00000, 0x00000000a7b00000|  0%| F|  |TAMS 0x00000000a7a00000, 0x00000000a7a00000| Untracked 
| 123|0x00000000a7b00000, 0x00000000a7b00000, 0x00000000a7c00000|  0%| F|  |TAMS 0x00000000a7b00000, 0x00000000a7b00000| Untracked 
| 124|0x00000000a7c00000, 0x00000000a7c00000, 0x00000000a7d00000|  0%| F|  |TAMS 0x00000000a7c00000, 0x00000000a7c00000| Untracked 
| 125|0x00000000a7d00000, 0x00000000a7d00000, 0x00000000a7e00000|  0%| F|  |TAMS 0x00000000a7d00000, 0x00000000a7d00000| Untracked 

Card table byte_map: [0x000001bd7ed80000,0x000001bd7f080000] _byte_map_base: 0x000001bd7e880000

Marking Bits (Prev, Next): (CMBitMap*) 0x000001bd7e6b0770, (CMBitMap*) 0x000001bd7e6b0738
 Prev Bits: [0x000001bd14240000, 0x000001bd15a40000)
 Next Bits: [0x000001bd12a40000, 0x000001bd14240000)

Polling page: 0x000001bd7de50000

Metaspace:

Usage:
  Non-class:     18.62 MB capacity,    18.32 MB ( 98%) used,   263.02 KB (  1%) free+waste,    36.75 KB ( <1%) overhead. 
      Class:      2.68 MB capacity,     2.50 MB ( 93%) used,   160.20 KB (  6%) free+waste,    18.13 KB ( <1%) overhead. 
       Both:     21.29 MB capacity,    20.83 MB ( 98%) used,   423.21 KB (  2%) free+waste,    54.88 KB ( <1%) overhead. 

Virtual space:
  Non-class space:       28.00 MB reserved,      18.67 MB ( 67%) committed 
      Class space:        1.00 GB reserved,       2.75 MB ( <1%) committed 
             Both:        1.03 GB reserved,      21.42 MB (  2%) committed 

Chunk freelists:
   Non-Class:  58.00 KB
       Class:  10.00 KB
        Both:  68.00 KB

MaxMetaspaceSize: 17179869184.00 GB
CompressedClassSpaceSize: 1.00 GB
Initial GC threshold: 20.80 MB
Current GC threshold: 35.40 MB
CDS: off

CodeHeap 'non-profiled nmethods': size=120000Kb used=849Kb max_used=849Kb free=119150Kb
 bounds [0x000001bd0b510000, 0x000001bd0b780000, 0x000001bd12a40000]
CodeHeap 'profiled nmethods': size=120000Kb used=3912Kb max_used=3912Kb free=116087Kb
 bounds [0x000001bd03fe0000, 0x000001bd043c0000, 0x000001bd0b510000]
CodeHeap 'non-nmethods': size=5760Kb used=1197Kb max_used=1199Kb free=4562Kb
 bounds [0x000001bd03a40000, 0x000001bd03cb0000, 0x000001bd03fe0000]
 total_blobs=2340 nmethods=1876 adapters=376
 compilation: enabled
              stopped_count=0, restarted_count=0
 full_count=0

Compilation events (20 events):
Event: 4.397 Thread 0x000001bd1828e800 1869       3       org.gradle.internal.service.DefaultServiceRegistry::find (142 bytes)
Event: 4.399 Thread 0x000001bd1828e800 nmethod 1869 0x000001bd043ab910 code [0x000001bd043abcc0, 0x000001bd043ad5e8]
Event: 4.403 Thread 0x000001bd1828e800 1870       3       org.gradle.internal.service.DefaultServiceRegistry$SingletonService::getService (18 bytes)
Event: 4.404 Thread 0x000001bd1828e800 nmethod 1870 0x000001bd043adc90 code [0x000001bd043ade60, 0x000001bd043ae078]
Event: 4.404 Thread 0x000001bd1828e800 1871       3       org.gradle.internal.service.DefaultServiceRegistry::access$1200 (6 bytes)
Event: 4.404 Thread 0x000001bd1828e800 nmethod 1871 0x000001bd043ae190 code [0x000001bd043ae340, 0x000001bd043ae448]
Event: 4.404 Thread 0x000001bd1828e800 1872       1       jdk.internal.reflect.DelegatingMethodAccessorImpl::setDelegate (6 bytes)
Event: 4.404 Thread 0x000001bd1828e800 nmethod 1872 0x000001bd0b5e3c10 code [0x000001bd0b5e3dc0, 0x000001bd0b5e3eb8]
Event: 4.405 Thread 0x000001bd1828e800 1873       1       java.lang.reflect.Method::getMethodAccessor (5 bytes)
Event: 4.405 Thread 0x000001bd1828e800 nmethod 1873 0x000001bd0b5e3f10 code [0x000001bd0b5e40c0, 0x000001bd0b5e4178]
Event: 4.405 Thread 0x000001bd1828e800 1874       3       jdk.internal.reflect.MethodAccessorImpl::<init> (5 bytes)
Event: 4.405 Thread 0x000001bd1828e800 nmethod 1874 0x000001bd043ae510 code [0x000001bd043ae6c0, 0x000001bd043ae878]
Event: 4.405 Thread 0x000001bd1828e800 1875       1       jdk.internal.reflect.NativeMethodAccessorImpl::setParent (6 bytes)
Event: 4.405 Thread 0x000001bd1828e800 nmethod 1875 0x000001bd0b5e4210 code [0x000001bd0b5e43c0, 0x000001bd0b5e44b8]
Event: 4.412 Thread 0x000001bd1828e800 1876       3       java.lang.invoke.VarHandleGuards::guard_LL_V (103 bytes)
Event: 4.416 Thread 0x000001bd1828e800 nmethod 1876 0x000001bd043ae990 code [0x000001bd043aed00, 0x000001bd043b07a8]
Event: 4.416 Thread 0x000001bd1828e800 1877       3       java.lang.invoke.VarHandleObjects$FieldInstanceReadWrite::set (30 bytes)
Event: 4.417 Thread 0x000001bd1828e800 nmethod 1877 0x000001bd043b1090 code [0x000001bd043b12c0, 0x000001bd043b19c8]
Event: 4.429 Thread 0x000001bd1828e800 1878       3       java.util.concurrent.locks.AbstractQueuedSynchronizer::release (33 bytes)
Event: 4.429 Thread 0x000001bd1828e800 nmethod 1878 0x000001bd043b1c90 code [0x000001bd043b1e60, 0x000001bd043b2138]

GC Heap History (8 events):
Event: 1.208 GC heap before
{Heap before GC invocations=0 (full 0):
 garbage-first heap   total 129024K, used 29696K [0x00000000a0000000, 0x0000000100000000)
  region size 1024K, 24 young (24576K), 0 survivors (0K)
 Metaspace       used 10775K, capacity 11010K, committed 11264K, reserved 1058816K
  class space    used 1122K, capacity 1202K, committed 1280K, reserved 1048576K
}
Event: 1.215 GC heap after
{Heap after GC invocations=1 (full 0):
 garbage-first heap   total 129024K, used 8746K [0x00000000a0000000, 0x0000000100000000)
  region size 1024K, 3 young (3072K), 3 survivors (3072K)
 Metaspace       used 10775K, capacity 11010K, committed 11264K, reserved 1058816K
  class space    used 1122K, capacity 1202K, committed 1280K, reserved 1048576K
}
Event: 4.055 GC heap before
{Heap before GC invocations=1 (full 0):
 garbage-first heap   total 129024K, used 81450K [0x00000000a0000000, 0x0000000100000000)
  region size 1024K, 75 young (76800K), 3 survivors (3072K)
 Metaspace       used 19823K, capacity 20308K, committed 20480K, reserved 1067008K
  class space    used 2305K, capacity 2474K, committed 2560K, reserved 1048576K
}
Event: 4.132 GC heap after
{Heap after GC invocations=2 (full 0):
 garbage-first heap   total 129024K, used 15260K [0x00000000a0000000, 0x0000000100000000)
  region size 1024K, 10 young (10240K), 10 survivors (10240K)
 Metaspace       used 19823K, capacity 20308K, committed 20480K, reserved 1067008K
  class space    used 2305K, capacity 2474K, committed 2560K, reserved 1048576K
}
Event: 4.346 GC heap before
{Heap before GC invocations=2 (full 0):
 garbage-first heap   total 129024K, used 25500K [0x00000000a0000000, 0x0000000100000000)
  region size 1024K, 21 young (21504K), 10 survivors (10240K)
 Metaspace       used 20789K, capacity 21216K, committed 21296K, reserved 1069056K
  class space    used 2483K, capacity 2670K, committed 2688K, reserved 1048576K
}
Event: 4.359 GC heap after
{Heap after GC invocations=3 (full 0):
 garbage-first heap   total 129024K, used 16231K [0x00000000a0000000, 0x0000000100000000)
  region size 1024K, 1 young (1024K), 1 survivors (1024K)
 Metaspace       used 20789K, capacity 21216K, committed 21296K, reserved 1069056K
  class space    used 2483K, capacity 2670K, committed 2688K, reserved 1048576K
}
Event: 4.458 GC heap before
{Heap before GC invocations=4 (full 0):
 garbage-first heap   total 129024K, used 20327K [0x00000000a0000000, 0x0000000100000000)
  region size 1024K, 6 young (6144K), 1 survivors (1024K)
 Metaspace       used 21325K, capacity 21804K, committed 21936K, reserved 1075200K
  class space    used 2563K, capacity 2742K, committed 2816K, reserved 1048576K
}
Event: 4.461 GC heap after
{Heap after GC invocations=5 (full 0):
 garbage-first heap   total 129024K, used 15975K [0x00000000a0000000, 0x0000000100000000)
  region size 1024K, 1 young (1024K), 1 survivors (1024K)
 Metaspace       used 21325K, capacity 21804K, committed 21936K, reserved 1075200K
  class space    used 2563K, capacity 2742K, committed 2816K, reserved 1048576K
}

Deoptimization events (20 events):
Event: 4.156 Thread 0x000001bd19afd800 Uncommon trap: trap_request=0xffffff4d fr.pc=0x000001bd0b56f7d8 relative=0x0000000000000b38
Event: 4.156 Thread 0x000001bd19afd800 Uncommon trap: reason=unstable_if action=reinterpret pc=0x000001bd0b56f7d8 method=java.util.Properties$LineReader.readLine()I @ 249 c2
Event: 4.156 Thread 0x000001bd19afd800 DEOPT PACKING pc=0x000001bd0b56f7d8 sp=0x000000bcad1fbd60
Event: 4.156 Thread 0x000001bd19afd800 DEOPT UNPACKING pc=0x000001bd03a8a1af sp=0x000000bcad1fbd00 mode 2
Event: 4.410 Thread 0x000001bd19afd800 Uncommon trap: trap_request=0xffffffc6 fr.pc=0x000001bd0b576f24 relative=0x0000000000000084
Event: 4.410 Thread 0x000001bd19afd800 Uncommon trap: reason=bimorphic_or_optimized_type_check action=maybe_recompile pc=0x000001bd0b576f24 method=java.util.AbstractList$Itr.hasNext()Z @ 8 c2
Event: 4.410 Thread 0x000001bd19afd800 DEOPT PACKING pc=0x000001bd0b576f24 sp=0x000000bcad1f9b10
Event: 4.410 Thread 0x000001bd19afd800 DEOPT UNPACKING pc=0x000001bd03a8a1af sp=0x000000bcad1f9aa8 mode 2
Event: 4.410 Thread 0x000001bd19afd800 Uncommon trap: trap_request=0xffffffc6 fr.pc=0x000001bd0b5772f4 relative=0x0000000000000134
Event: 4.410 Thread 0x000001bd19afd800 Uncommon trap: reason=bimorphic_or_optimized_type_check action=maybe_recompile pc=0x000001bd0b5772f4 method=java.util.AbstractList$Itr.next()Ljava/lang/Object; @ 14 c2
Event: 4.410 Thread 0x000001bd19afd800 DEOPT PACKING pc=0x000001bd0b5772f4 sp=0x000000bcad1f9b00
Event: 4.410 Thread 0x000001bd19afd800 DEOPT UNPACKING pc=0x000001bd03a8a1af sp=0x000000bcad1f9a98 mode 2
Event: 4.411 Thread 0x000001bd19afd800 Uncommon trap: trap_request=0xffffff4d fr.pc=0x000001bd0b57ae04 relative=0x00000000000005c4
Event: 4.411 Thread 0x000001bd19afd800 Uncommon trap: reason=unstable_if action=reinterpret pc=0x000001bd0b57ae04 method=java.io.File.getName()Ljava/lang/String; @ 16 c2
Event: 4.411 Thread 0x000001bd19afd800 DEOPT PACKING pc=0x000001bd0b57ae04 sp=0x000000bcad1fa4d0
Event: 4.411 Thread 0x000001bd19afd800 DEOPT UNPACKING pc=0x000001bd03a8a1af sp=0x000000bcad1fa4a0 mode 2
Event: 4.411 Thread 0x000001bd19afd800 Uncommon trap: trap_request=0xffffff4d fr.pc=0x000001bd0b575734 relative=0x0000000000000474
Event: 4.411 Thread 0x000001bd19afd800 Uncommon trap: reason=unstable_if action=reinterpret pc=0x000001bd0b575734 method=java.lang.String.substring(I)Ljava/lang/String; @ 34 c2
Event: 4.411 Thread 0x000001bd19afd800 DEOPT PACKING pc=0x000001bd0b575734 sp=0x000000bcad1fa450
Event: 4.411 Thread 0x000001bd19afd800 DEOPT UNPACKING pc=0x000001bd03a8a1af sp=0x000000bcad1fa428 mode 2

Classes redefined (0 events):
No events

Internal exceptions (20 events):
Event: 2.418 Thread 0x000001bd7e677800 Exception <a 'java/lang/NoSuchMethodError'{0x00000000a4c3b648}: 'java.lang.Object java.lang.invoke.DirectMethodHandle$Holder.invokeStaticInit(java.lang.Object, java.lang.Object, int, int, int, int)'> (0x00000000a4c3b648) thrown at [./src/hotspot/share/interpreter/linkResolver.cpp, line 773]
Event: 3.193 Thread 0x000001bd7e677800 Exception <a 'java/io/IOException'{0x00000000a4a26850}> (0x00000000a4a26850) thrown at [./src/hotspot/share/prims/jni.cpp, line 616]
Event: 3.290 Thread 0x000001bd1975b000 Exception <a 'java/lang/NoSuchMethodError'{0x00000000a49a0948}: <clinit>> (0x00000000a49a0948) thrown at [./src/hotspot/share/prims/jni.cpp, line 1366]
Event: 3.301 Thread 0x000001bd1975b000 Exception <a 'java/lang/NoSuchMethodError'{0x00000000a49ac1b0}: <clinit>> (0x00000000a49ac1b0) thrown at [./src/hotspot/share/prims/jni.cpp, line 1366]
Event: 3.311 Thread 0x000001bd1975b000 Exception <a 'java/lang/NoSuchMethodError'{0x00000000a49bc0a0}: <clinit>> (0x00000000a49bc0a0) thrown at [./src/hotspot/share/prims/jni.cpp, line 1366]
Event: 3.320 Thread 0x000001bd1975b000 Exception <a 'java/lang/NoSuchMethodError'{0x00000000a49cdf08}: <clinit>> (0x00000000a49cdf08) thrown at [./src/hotspot/share/prims/jni.cpp, line 1366]
Event: 3.333 Thread 0x000001bd1975b000 Exception <a 'java/lang/NoSuchMethodError'{0x00000000a49f4be0}: <clinit>> (0x00000000a49f4be0) thrown at [./src/hotspot/share/prims/jni.cpp, line 1366]
Event: 3.340 Thread 0x000001bd1975b000 Exception <a 'java/lang/NoSuchMethodError'{0x00000000a480cc70}: <clinit>> (0x00000000a480cc70) thrown at [./src/hotspot/share/prims/jni.cpp, line 1366]
Event: 3.341 Thread 0x000001bd1975b000 Exception <a 'java/lang/NoSuchMethodError'{0x00000000a4816638}: <clinit>> (0x00000000a4816638) thrown at [./src/hotspot/share/prims/jni.cpp, line 1366]
Event: 3.348 Thread 0x000001bd1975b000 Exception <a 'java/lang/NoSuchMethodError'{0x00000000a482be10}: <clinit>> (0x00000000a482be10) thrown at [./src/hotspot/share/prims/jni.cpp, line 1366]
Event: 3.367 Thread 0x000001bd1975b000 Exception <a 'java/lang/NoSuchMethodError'{0x00000000a4871c30}: <clinit>> (0x00000000a4871c30) thrown at [./src/hotspot/share/prims/jni.cpp, line 1366]
Event: 3.376 Thread 0x000001bd1975b000 Exception <a 'java/lang/NoSuchMethodError'{0x00000000a489fcf8}: <clinit>> (0x00000000a489fcf8) thrown at [./src/hotspot/share/prims/jni.cpp, line 1366]
Event: 3.384 Thread 0x000001bd1975b000 Exception <a 'java/lang/NoSuchMethodError'{0x00000000a48c7708}: <clinit>> (0x00000000a48c7708) thrown at [./src/hotspot/share/prims/jni.cpp, line 1366]
Event: 3.385 Thread 0x000001bd1975b000 Exception <a 'java/lang/NoSuchMethodError'{0x00000000a48d19c0}: <clinit>> (0x00000000a48d19c0) thrown at [./src/hotspot/share/prims/jni.cpp, line 1366]
Event: 3.495 Thread 0x000001bd19afd800 Exception <a 'java/lang/NoSuchMethodError'{0x00000000a4431638}: 'void java.lang.invoke.DelegatingMethodHandle$Holder.reinvoke_L(java.lang.Object, java.lang.Object, java.lang.Object, java.lang.Object)'> (0x00000000a4431638) thrown at [./src/hotspot/share/interpreter/linkResolver.cpp, line 773]
Event: 3.510 Thread 0x000001bd19afd800 Exception <a 'java/lang/NoSuchMethodError'{0x00000000a4467d98}: 'long java.lang.invoke.DirectMethodHandle$Holder.invokeInterface(java.lang.Object, java.lang.Object)'> (0x00000000a4467d98) thrown at [./src/hotspot/share/interpreter/linkResolver.cpp, line 773]
Event: 3.515 Thread 0x000001bd19afd800 Exception <a 'java/lang/NoSuchMethodError'{0x00000000a4488548}: 'void java.lang.invoke.DelegatingMethodHandle$Holder.reinvoke_L(java.lang.Object, java.lang.Object, java.lang.Object, java.lang.Object, java.lang.Object, java.lang.Object, java.lang.Object)'> (0x00000000a4488548) thrown at [./src/hotspot/share/interpreter/linkResolver.cpp, line 773]
Event: 3.783 Thread 0x000001bd19afd800 Exception <a 'java/lang/NoSuchMethodError'{0x00000000a3c07080}: 'java.lang.Object java.lang.invoke.DirectMethodHandle$Holder.invokeVirtual(java.lang.Object, java.lang.Object, java.lang.Object)'> (0x00000000a3c07080) thrown at [./src/hotspot/share/interpreter/linkResolver.cpp, line 773]
Event: 3.943 Thread 0x000001bd19afd800 Exception <a 'java/lang/NoSuchMethodError'{0x00000000a378c628}: 'void java.lang.invoke.DirectMethodHandle$Holder.invokeStaticInit(java.lang.Object)'> (0x00000000a378c628) thrown at [./src/hotspot/share/interpreter/linkResolver.cpp, line 773]
Event: 4.344 Thread 0x000001bd19afd800 Exception <a 'java/lang/NoSuchMethodError'{0x00000000a738f7d0}: 'java.lang.Object java.lang.invoke.DirectMethodHandle$Holder.invokeVirtual(java.lang.Object, java.lang.Object, java.lang.Object, java.lang.Object)'> (0x00000000a738f7d0) thrown at [./src/hotspot/share/interpreter/linkResolver.cpp, line 773]

Events (20 events):
Event: 4.453 loading class org/gradle/internal/vfs/impl/DefaultVirtualFileSystem$StripedProducerGuard done
Event: 4.454 loading class com/google/common/util/concurrent/Striped
Event: 4.454 loading class com/google/common/util/concurrent/Striped done
Event: 4.454 loading class com/google/common/util/concurrent/Striped$PowerOfTwoStriped
Event: 4.454 loading class com/google/common/util/concurrent/Striped$PowerOfTwoStriped done
Event: 4.455 loading class com/google/common/util/concurrent/Striped$SmallLazyStriped
Event: 4.455 loading class com/google/common/util/concurrent/Striped$SmallLazyStriped done
Event: 4.455 loading class com/google/common/util/concurrent/Striped$LargeLazyStriped
Event: 4.455 loading class com/google/common/util/concurrent/Striped$LargeLazyStriped done
Event: 4.456 loading class com/google/common/util/concurrent/Striped$CompactStriped
Event: 4.456 loading class com/google/common/util/concurrent/Striped$CompactStriped done
Event: 4.456 loading class com/google/common/util/concurrent/Striped$5
Event: 4.456 loading class com/google/common/util/concurrent/Striped$5 done
Event: 4.456 loading class java/util/concurrent/locks/ReadWriteLock
Event: 4.456 loading class java/util/concurrent/locks/ReadWriteLock done
Event: 4.457 loading class com/google/common/util/concurrent/Striped$6
Event: 4.457 loading class com/google/common/util/concurrent/Striped$6 done
Event: 4.457 loading class com/google/common/util/concurrent/Striped$1
Event: 4.457 loading class com/google/common/util/concurrent/Striped$1 done
Event: 4.458 Executing VM operation: CollectForMetadataAllocation


Dynamic libraries:
0x00007ff6a68c0000 - 0x00007ff6a68ca000 	C:\Program Files\Android\Android Studio\jre\bin\java.exe
0x00007ffbc0fb0000 - 0x00007ffbc11c4000 	C:\WINDOWS\SYSTEM32\ntdll.dll
0x00007ffbbfa30000 - 0x00007ffbbfaf2000 	C:\WINDOWS\System32\KERNEL32.DLL
0x00007ffbbe4e0000 - 0x00007ffbbe87c000 	C:\WINDOWS\System32\KERNELBASE.dll
0x00007ffbbeca0000 - 0x00007ffbbedb1000 	C:\WINDOWS\System32\ucrtbase.dll
0x00007ffbaf080000 - 0x00007ffbaf097000 	C:\Program Files\Android\Android Studio\jre\bin\VCRUNTIME140.dll
0x00007ffbaf140000 - 0x00007ffbaf159000 	C:\Program Files\Android\Android Studio\jre\bin\jli.dll
0x00007ffbc0210000 - 0x00007ffbc03bb000 	C:\WINDOWS\System32\USER32.dll
0x00007ffbbe3f0000 - 0x00007ffbbe416000 	C:\WINDOWS\System32\win32u.dll
0x00007ffbac260000 - 0x00007ffbac4ee000 	C:\WINDOWS\WinSxS\amd64_microsoft.windows.common-controls_6595b64144ccf1df_6.0.22621.608_none_a9444ca7c10bb01d\COMCTL32.dll
0x00007ffbc0590000 - 0x00007ffbc05b9000 	C:\WINDOWS\System32\GDI32.dll
0x00007ffbbf860000 - 0x00007ffbbf907000 	C:\WINDOWS\System32\msvcrt.dll
0x00007ffbbea90000 - 0x00007ffbbeba3000 	C:\WINDOWS\System32\gdi32full.dll
0x00007ffbbe880000 - 0x00007ffbbe91a000 	C:\WINDOWS\System32\msvcp_win.dll
0x00007ffbc0e30000 - 0x00007ffbc0e61000 	C:\WINDOWS\System32\IMM32.DLL
0x00007ffb9b2b0000 - 0x00007ffb9b34d000 	C:\Program Files\Android\Android Studio\jre\bin\msvcp140.dll
0x00007ffb3ae20000 - 0x00007ffb3b922000 	C:\Program Files\Android\Android Studio\jre\bin\server\jvm.dll
0x00007ffbbf0a0000 - 0x00007ffbbf14e000 	C:\WINDOWS\System32\ADVAPI32.dll
0x00007ffbc03c0000 - 0x00007ffbc0464000 	C:\WINDOWS\System32\sechost.dll
0x00007ffbc0470000 - 0x00007ffbc0587000 	C:\WINDOWS\System32\RPCRT4.dll
0x00007ffbbfb20000 - 0x00007ffbbfb28000 	C:\WINDOWS\System32\PSAPI.DLL
0x00007ffbb8bf0000 - 0x00007ffbb8c24000 	C:\WINDOWS\SYSTEM32\WINMM.dll
0x00007ffbb82f0000 - 0x00007ffbb82fa000 	C:\WINDOWS\SYSTEM32\VERSION.dll
0x00007ffbaf130000 - 0x00007ffbaf139000 	C:\WINDOWS\SYSTEM32\WSOCK32.dll
0x00007ffbbf1a0000 - 0x00007ffbbf211000 	C:\WINDOWS\System32\WS2_32.dll
0x00007ffbbd4a0000 - 0x00007ffbbd4b8000 	C:\WINDOWS\SYSTEM32\kernel.appcore.dll
0x00007ffb81140000 - 0x00007ffb81151000 	C:\Program Files\Android\Android Studio\jre\bin\verify.dll
0x00007ffbb7810000 - 0x00007ffbb7a3e000 	C:\WINDOWS\SYSTEM32\DBGHELP.DLL
0x00007ffbbfb40000 - 0x00007ffbbfec9000 	C:\WINDOWS\System32\combase.dll
0x00007ffbc0100000 - 0x00007ffbc01d7000 	C:\WINDOWS\System32\OLEAUT32.dll
0x00007ffbb7720000 - 0x00007ffbb7752000 	C:\WINDOWS\SYSTEM32\dbgcore.DLL
0x00007ffbbec20000 - 0x00007ffbbec9b000 	C:\WINDOWS\System32\bcryptPrimitives.dll
0x00007ffb81110000 - 0x00007ffb81139000 	C:\Program Files\Android\Android Studio\jre\bin\java.dll
0x00007ffba8d70000 - 0x00007ffba8d7b000 	C:\Program Files\Android\Android Studio\jre\bin\jimage.dll
0x00007ffb810f0000 - 0x00007ffb81108000 	C:\Program Files\Android\Android Studio\jre\bin\zip.dll
0x00007ffbc05c0000 - 0x00007ffbc0db0000 	C:\WINDOWS\System32\SHELL32.dll
0x00007ffbbc3b0000 - 0x00007ffbbcc7d000 	C:\WINDOWS\SYSTEM32\windows.storage.dll
0x00007ffbbc270000 - 0x00007ffbbc3ae000 	C:\WINDOWS\SYSTEM32\wintypes.dll
0x00007ffbc0e70000 - 0x00007ffbc0f61000 	C:\WINDOWS\System32\SHCORE.dll
0x00007ffbbf320000 - 0x00007ffbbf37e000 	C:\WINDOWS\System32\shlwapi.dll
0x00007ffbbe320000 - 0x00007ffbbe341000 	C:\WINDOWS\SYSTEM32\profapi.dll
0x00007ffb810d0000 - 0x00007ffb810ea000 	C:\Program Files\Android\Android Studio\jre\bin\net.dll
0x00007ffbb86c0000 - 0x00007ffbb87f7000 	C:\WINDOWS\SYSTEM32\WINHTTP.dll
0x00007ffbbd970000 - 0x00007ffbbd9d9000 	C:\WINDOWS\system32\mswsock.dll
0x00007ffb810b0000 - 0x00007ffb810c4000 	C:\Program Files\Android\Android Studio\jre\bin\nio.dll
0x00007ffbb6870000 - 0x00007ffbb6896000 	C:\Users\yashl\.gradle\native\31\windows-amd64\native-platform.dll
0x00007ffb91300000 - 0x00007ffb9130a000 	C:\Program Files\Android\Android Studio\jre\bin\management.dll
0x00007ffb91170000 - 0x00007ffb9117d000 	C:\Program Files\Android\Android Studio\jre\bin\management_ext.dll
0x00007ffbbdc00000 - 0x00007ffbbdc1b000 	C:\WINDOWS\SYSTEM32\CRYPTSP.dll
0x00007ffbbd3e0000 - 0x00007ffbbd415000 	C:\WINDOWS\system32\rsaenh.dll
0x00007ffbbdaa0000 - 0x00007ffbbdac8000 	C:\WINDOWS\SYSTEM32\USERENV.dll
0x00007ffbbddc0000 - 0x00007ffbbdde8000 	C:\WINDOWS\SYSTEM32\bcrypt.dll
0x00007ffbbdc20000 - 0x00007ffbbdc2c000 	C:\WINDOWS\SYSTEM32\CRYPTBASE.dll
0x00007ffbbced0000 - 0x00007ffbbcefd000 	C:\WINDOWS\SYSTEM32\IPHLPAPI.DLL
0x00007ffbbfb30000 - 0x00007ffbbfb39000 	C:\WINDOWS\System32\NSI.dll
0x00007ffbb85e0000 - 0x00007ffbb85f9000 	C:\WINDOWS\SYSTEM32\dhcpcsvc6.DLL
0x00007ffbb85c0000 - 0x00007ffbb85df000 	C:\WINDOWS\SYSTEM32\dhcpcsvc.DLL
0x00007ffbbcf40000 - 0x00007ffbbd033000 	C:\WINDOWS\SYSTEM32\DNSAPI.dll

dbghelp: loaded successfully - version: 4.0.5 - missing functions: none
symbol engine: initialized successfully - sym options: 0x614 - pdb path: .;C:\Program Files\Android\Android Studio\jre\bin;C:\WINDOWS\SYSTEM32;C:\WINDOWS\WinSxS\amd64_microsoft.windows.common-controls_6595b64144ccf1df_6.0.22621.608_none_a9444ca7c10bb01d;C:\Program Files\Android\Android Studio\jre\bin\server;C:\Users\yashl\.gradle\native\31\windows-amd64

VM Arguments:
jvm_args: --add-opens=java.base/java.util=ALL-UNNAMED --add-opens=java.base/java.lang=ALL-UNNAMED --add-opens=java.base/java.lang.invoke=ALL-UNNAMED --add-opens=java.prefs/java.util.prefs=ALL-UNNAMED -Xmx1536m -Dfile.encoding=windows-1252 -Duser.country=IN -Duser.language=en -Duser.variant 
java_command: org.gradle.launcher.daemon.bootstrap.GradleDaemon 6.1.1
java_class_path (initial): C:\Users\yashl\.gradle\wrapper\dists\gradle-6.1.1-all\cfmwm155h49vnt3hynmlrsdst\gradle-6.1.1\lib\gradle-launcher-6.1.1.jar
Launcher Type: SUN_STANDARD

[Global flags]
     intx CICompilerCount                          = 4                                         {product} {ergonomic}
     uint ConcGCThreads                            = 2                                         {product} {ergonomic}
     uint G1ConcRefinementThreads                  = 8                                         {product} {ergonomic}
   size_t G1HeapRegionSize                         = 1048576                                   {product} {ergonomic}
    uintx GCDrainStackTargetSize                   = 64                                        {product} {ergonomic}
   size_t InitialHeapSize                          = 132120576                                 {product} {ergonomic}
   size_t MarkStackSize                            = 4194304                                   {product} {ergonomic}
   size_t MaxHeapSize                              = 1610612736                                {product} {command line}
   size_t MaxNewSize                               = 965738496                                 {product} {ergonomic}
   size_t MinHeapDeltaBytes                        = 1048576                                   {product} {ergonomic}
    uintx NonNMethodCodeHeapSize                   = 5836300                                {pd product} {ergonomic}
    uintx NonProfiledCodeHeapSize                  = 122910970                              {pd product} {ergonomic}
    uintx ProfiledCodeHeapSize                     = 122910970                              {pd product} {ergonomic}
    uintx ReservedCodeCacheSize                    = 251658240                              {pd product} {ergonomic}
     bool SegmentedCodeCache                       = true                                      {product} {ergonomic}
     bool UseCompressedClassPointers               = true                                 {lp64_product} {ergonomic}
     bool UseCompressedOops                        = true                                 {lp64_product} {ergonomic}
     bool UseG1GC                                  = true                                      {product} {ergonomic}
     bool UseLargePagesIndividualAllocation        = false                                  {pd product} {ergonomic}

Logging:
Log output configuration:
 #0: stdout all=warning uptime,level,tags
 #1: stderr all=off uptime,level,tags

Environment Variables:
JAVA_HOME=C:\Program Files\Java\jdk-19
PATH=C:\Program Files\Common Files\Oracle\Java\javapath;C:\Python310\Scripts\;C:\Python310\;C:\Windows\system32;C:\Windows;C:\Windows\System32\Wbem;C:\Windows\System32\WindowsPowerShell\v1.0\;C:\Windows\System32\OpenSSH\;C:\Program Files (x86)\NVIDIA Corporation\PhysX\Common;C:\Program Files\NVIDIA Corporation\NVIDIA NvDLISR;C:\mingw32\bin;C:\Program Files\Java\jdk-19\bin;C:\WINDOWS\system32;C:\WINDOWS;C:\WINDOWS\System32\Wbem;C:\WINDOWS\System32\WindowsPowerShell\v1.0\;C:\WINDOWS\System32\OpenSSH\;C:\Program Files\Git\cmd;C:\Users\yashl\AppData\Local\Microsoft\WindowsApps;;C:\Users\yashl\AppData\Local\Programs\Microsoft VS Code\bin
USERNAME=yashl
OS=Windows_NT
PROCESSOR_IDENTIFIER=Intel64 Family 6 Model 165 Stepping 2, GenuineIntel



---------------  S Y S T E M  ---------------

OS: Windows 11 , 64 bit Build 22621 (10.0.22621.1485)
OS uptime: 11 days 23:15 hours
Hyper-V role detected

CPU:total 8 (initial active 8) (4 cores per cpu, 2 threads per core) family 6 model 165 stepping 2 microcode 0xea, cmov, cx8, fxsr, mmx, sse, sse2, sse3, ssse3, sse4.1, sse4.2, popcnt, avx, avx2, aes, clmul, erms, 3dnowpref, lzcnt, ht, tsc, tscinvbit, bmi1, bmi2, adx, fma

Memory: 4k page, system-wide physical 8023M (462M free)
TotalPageFile size 32599M (AvailPageFile size 0M)
current process WorkingSet (physical memory assigned to process): 184M, peak: 184M
current process commit charge ("private bytes"): 253M, peak: 254M

vm_info: OpenJDK 64-Bit Server VM (11.0.13+0-b1751.21-8125866) for windows-amd64 JRE (11.0.13+0-b1751.21-8125866), built on Feb  2 2022 03:00:22 by "builder" with MS VC++ 14.0 (VS2015)

END.
